$ python3 scripts/verify/scbs_55_old_system_list_full_row_dump.py
[old-full-dump] seq=001 page=1 got=100 total=100 expected=5193 datafetch=2
[old-full-dump] seq=001 page=2 got=100 total=200 expected=5193 datafetch=2
[old-full-dump] seq=001 page=3 got=100 total=300 expected=5193 datafetch=2
[old-full-dump] seq=001 page=4 got=100 total=400 expected=5193 datafetch=2
[old-full-dump] seq=001 page=5 got=100 total=500 expected=5193 datafetch=2
[old-full-dump] seq=001 page=6 got=100 total=600 expected=5193 datafetch=2
[old-full-dump] seq=001 page=7 got=100 total=700 expected=5193 datafetch=2
[old-full-dump] seq=001 page=8 got=100 total=800 expected=5193 datafetch=2
[old-full-dump] seq=001 page=9 got=100 total=900 expected=5193 datafetch=2
[old-full-dump] seq=001 page=10 got=100 total=1000 expected=5193 datafetch=2
[old-full-dump] seq=001 page=11 got=100 total=1100 expected=5193 datafetch=2
[old-full-dump] seq=001 page=12 got=100 total=1200 expected=5193 datafetch=2
[old-full-dump] seq=001 page=13 got=100 total=1300 expected=5193 datafetch=2
[old-full-dump] seq=001 page=14 got=100 total=1400 expected=5193 datafetch=2
[old-full-dump] seq=001 page=15 got=100 total=1500 expected=5193 datafetch=2
[old-full-dump] seq=001 page=16 got=100 total=1600 expected=5193 datafetch=2
[old-full-dump] seq=001 page=17 got=100 total=1700 expected=5193 datafetch=2
[old-full-dump] seq=001 page=18 got=100 total=1800 expected=5193 datafetch=2
[old-full-dump] seq=001 page=19 got=100 total=1900 expected=5193 datafetch=2
[old-full-dump] seq=001 page=20 got=100 total=2000 expected=5193 datafetch=2
[old-full-dump] seq=001 page=21 got=100 total=2100 expected=5193 datafetch=2
[old-full-dump] seq=001 page=22 got=100 total=2200 expected=5193 datafetch=2
[old-full-dump] seq=001 page=23 got=100 total=2300 expected=5193 datafetch=2
[old-full-dump] seq=001 page=24 got=100 total=2400 expected=5193 datafetch=2
[old-full-dump] seq=001 page=25 got=100 total=2500 expected=5193 datafetch=2
[old-full-dump] seq=001 page=26 got=100 total=2600 expected=5193 datafetch=2
[old-full-dump] seq=001 page=27 got=100 total=2700 expected=5193 datafetch=2
[old-full-dump] seq=001 page=28 got=100 total=2800 expected=5193 datafetch=2
[old-full-dump] seq=001 page=29 got=100 total=2900 expected=5193 datafetch=2
[old-full-dump] seq=001 page=30 got=100 total=3000 expected=5193 datafetch=2
[old-full-dump] seq=001 page=31 got=100 total=3100 expected=5193 datafetch=2
[old-full-dump] seq=001 page=32 got=100 total=3200 expected=5193 datafetch=2
[old-full-dump] seq=001 page=33 got=100 total=3300 expected=5193 datafetch=2
[old-full-dump] seq=001 page=34 got=100 total=3400 expected=5193 datafetch=2
[old-full-dump] seq=001 page=35 got=100 total=3500 expected=5193 datafetch=2
[old-full-dump] seq=001 page=36 got=100 total=3600 expected=5193 datafetch=2
[old-full-dump] seq=001 page=37 got=100 total=3700 expected=5193 datafetch=2
[old-full-dump] seq=001 page=38 got=100 total=3800 expected=5193 datafetch=2
[old-full-dump] seq=001 page=39 got=100 total=3900 expected=5193 datafetch=2
[old-full-dump] seq=001 page=40 got=100 total=4000 expected=5193 datafetch=2
[old-full-dump] seq=001 page=41 got=100 total=4100 expected=5193 datafetch=2
[old-full-dump] seq=001 page=42 got=100 total=4200 expected=5193 datafetch=2
[old-full-dump] seq=001 page=43 got=100 total=4300 expected=5193 datafetch=2
[old-full-dump] seq=001 page=44 got=100 total=4400 expected=5193 datafetch=2
[old-full-dump] seq=001 page=45 got=100 total=4500 expected=5193 datafetch=2
[old-full-dump] seq=001 page=46 got=100 total=4600 expected=5193 datafetch=2
[old-full-dump] seq=001 page=47 got=100 total=4700 expected=5193 datafetch=2
[old-full-dump] seq=001 page=48 got=100 total=4800 expected=5193 datafetch=2
[old-full-dump] seq=001 page=49 got=100 total=4900 expected=5193 datafetch=2
[old-full-dump] seq=001 page=50 got=100 total=5000 expected=5193 datafetch=2
[old-full-dump] seq=001 page=51 got=100 total=5100 expected=5193 datafetch=2
[old-full-dump] seq=001 page=52 got=93 total=5193 expected=5193 datafetch=2
[old-full-dump] seq=001 name=供应商/合作单位 status=PASS count=5193 path=/home/lidefend/workspace/sce-backend-odoo/artifacts/migration/live_old_system_strict_parity_gate/20260611T124851Z/scbs55_old_live_rows/scbs_55_old_live_full_rows_seq001_business_entity.json.gz error=
[old-full-dump] seq=002 page=1 got=1000 total=1000 expected=5887 datafetch=0
[old-full-dump] seq=002 page=2 got=1000 total=2000 expected=5887 datafetch=0
[old-full-dump] seq=002 page=3 got=1000 total=3000 expected=5887 datafetch=0
[old-full-dump] seq=002 page=4 got=1000 total=4000 expected=5887 datafetch=0
[old-full-dump] seq=002 page=5 got=1000 total=5000 expected=5887 datafetch=0
[old-full-dump] seq=002 page=6 got=887 total=5887 expected=5887 datafetch=0
[old-full-dump] seq=002 name=往来单位 status=PASS count=5887 path=/home/lidefend/workspace/sce-backend-odoo/artifacts/migration/live_old_system_strict_parity_gate/20260611T124851Z/scbs55_old_live_rows/scbs_55_old_live_full_rows_seq002_business_entity.json.gz error=
[old-full-dump] seq=003 page=1 got=100 total=100 expected=1567 datafetch=6
[old-full-dump] seq=003 page=2 got=100 total=200 expected=1567 datafetch=6
[old-full-dump] seq=003 page=3 got=100 total=300 expected=1567 datafetch=6
[old-full-dump] seq=003 page=4 got=100 total=400 expected=1567 datafetch=6
[old-full-dump] seq=003 page=5 got=100 total=500 expected=1567 datafetch=6
[old-full-dump] seq=003 page=6 got=100 total=600 expected=1567 datafetch=6
[old-full-dump] seq=003 page=7 got=100 total=700 expected=1567 datafetch=6
[old-full-dump] seq=003 page=8 got=100 total=800 expected=1567 datafetch=6
[old-full-dump] seq=003 page=9 got=100 total=900 expected=1567 datafetch=6
[old-full-dump] seq=003 page=10 got=100 total=1000 expected=1567 datafetch=6
[old-full-dump] seq=003 page=11 got=100 total=1100 expected=1567 datafetch=6
[old-full-dump] seq=003 page=12 got=100 total=1200 expected=1567 datafetch=6
[old-full-dump] seq=003 page=13 got=100 total=1300 expected=1567 datafetch=6
[old-full-dump] seq=003 page=14 got=100 total=1400 expected=1567 datafetch=6
[old-full-dump] seq=003 page=15 got=100 total=1500 expected=1567 datafetch=6
[old-full-dump] seq=003 page=16 got=67 total=1567 expected=1567 datafetch=6
[old-full-dump] seq=003 name=施工合同 status=PASS count=1567 path=/home/lidefend/workspace/sce-backend-odoo/artifacts/migration/live_old_system_strict_parity_gate/20260611T124851Z/scbs55_old_live_rows/scbs_55_old_live_full_rows_seq003_施工合同.json.gz error=
[old-full-dump] seq=004 page=1 got=1000 total=1000 expected=6088 datafetch=0
[old-full-dump] seq=004 page=2 got=1000 total=2000 expected=6088 datafetch=0
[old-full-dump] seq=004 page=3 got=1000 total=3000 expected=6088 datafetch=0
[old-full-dump] seq=004 page=4 got=1000 total=4000 expected=6088 datafetch=0
[old-full-dump] seq=004 page=5 got=1000 total=5000 expected=6088 datafetch=0
[old-full-dump] seq=004 page=6 got=1000 total=6000 expected=6088 datafetch=0
[old-full-dump] seq=004 page=7 got=88 total=6088 expected=6088 datafetch=0
[old-full-dump] seq=004 name=公司资料存档 status=PASS count=6088 path=/home/lidefend/workspace/sce-backend-odoo/artifacts/migration/live_old_system_strict_parity_gate/20260611T124851Z/scbs55_old_live_rows/scbs_55_old_live_full_rows_seq004_公司资料存档.json.gz error=
[old-full-dump] seq=005 page=1 got=340 total=340 expected=340 datafetch=0
[old-full-dump] seq=005 name=请假/休假审批单 status=PASS count=340 path=/home/lidefend/workspace/sce-backend-odoo/artifacts/migration/live_old_system_strict_parity_gate/20260611T124851Z/scbs55_old_live_rows/scbs_55_old_live_full_rows_seq005_请假_休假审批单.json.gz error=
[old-full-dump] seq=006 page=1 got=1000 total=1000 expected=1562 datafetch=0
[old-full-dump] seq=006 page=2 got=562 total=1562 expected=1562 datafetch=0
[old-full-dump] seq=006 name=印章使用审批表 status=PASS count=1562 path=/home/lidefend/workspace/sce-backend-odoo/artifacts/migration/live_old_system_strict_parity_gate/20260611T124851Z/scbs55_old_live_rows/scbs_55_old_live_full_rows_seq006_印章使用审批表.json.gz error=
[old-full-dump] seq=008 page=1 got=39 total=39 expected=39 datafetch=0
[old-full-dump] seq=008 name=公司人员名册（配置） status=PASS count=39 path=/home/lidefend/workspace/sce-backend-odoo/artifacts/migration/live_old_system_strict_parity_gate/20260611T124851Z/scbs55_old_live_rows/scbs_55_old_live_full_rows_seq008_公司人员名册（配置）.json.gz error=
[old-full-dump] seq=009 page=1 got=163 total=163 expected=163 datafetch=0
[old-full-dump] seq=009 name=社保人员登记 status=PASS count=163 path=/home/lidefend/workspace/sce-backend-odoo/artifacts/migration/live_old_system_strict_parity_gate/20260611T124851Z/scbs55_old_live_rows/scbs_55_old_live_full_rows_seq009_社保人员登记.json.gz error=
[old-full-dump] seq=010 page=1 got=1000 total=1000 expected=2128 datafetch=0
[old-full-dump] seq=010 page=2 got=1000 total=2000 expected=2128 datafetch=0
[old-full-dump] seq=010 page=3 got=128 total=2128 expected=2128 datafetch=0
[old-full-dump] seq=010 name=社保登记 status=PASS count=2128 path=/home/lidefend/workspace/sce-backend-odoo/artifacts/migration/live_old_system_strict_parity_gate/20260611T124851Z/scbs55_old_live_rows/scbs_55_old_live_full_rows_seq010_社保登记.json.gz error=
[old-full-dump] seq=011 page=1 got=1000 total=1000 expected=3398 datafetch=0
[old-full-dump] seq=011 page=2 got=1000 total=2000 expected=3398 datafetch=0
[old-full-dump] seq=011 page=3 got=1000 total=3000 expected=3398 datafetch=0
[old-full-dump] seq=011 page=4 got=398 total=3398 expected=3398 datafetch=0
[old-full-dump] seq=011 name=工资登记 status=PASS count=3398 path=/home/lidefend/workspace/sce-backend-odoo/artifacts/migration/live_old_system_strict_parity_gate/20260611T124851Z/scbs55_old_live_rows/scbs_55_old_live_full_rows_seq011_工资登记.json.gz error=
[old-full-dump] seq=012 page=1 got=108 total=108 expected=108 datafetch=0
[old-full-dump] seq=012 name=补助 status=PASS count=108 path=/home/lidefend/workspace/sce-backend-odoo/artifacts/migration/live_old_system_strict_parity_gate/20260611T124851Z/scbs55_old_live_rows/scbs_55_old_live_full_rows_seq012_补助.json.gz error=
[old-full-dump] seq=013 page=1 got=0 total=0 expected=0 datafetch=0
[old-full-dump] seq=013 name=奖金 status=PASS count=0 path=/home/lidefend/workspace/sce-backend-odoo/artifacts/migration/live_old_system_strict_parity_gate/20260611T124851Z/scbs55_old_live_rows/scbs_55_old_live_full_rows_seq013_奖金.json.gz error=
[old-full-dump] seq=015 page=1 got=1 total=1 expected=1 datafetch=0
[old-full-dump] seq=015 name=借阅申请 status=PASS count=1 path=/home/lidefend/workspace/sce-backend-odoo/artifacts/migration/live_old_system_strict_parity_gate/20260611T124851Z/scbs55_old_live_rows/scbs_55_old_live_full_rows_seq015_借阅申请.json.gz error=
[old-full-dump] seq=016 page=1 got=100 total=100 expected=2904 datafetch=1
[old-full-dump] seq=016 page=2 got=100 total=200 expected=2904 datafetch=1
[old-full-dump] seq=016 page=3 got=100 total=300 expected=2904 datafetch=1
[old-full-dump] seq=016 page=4 got=100 total=400 expected=2904 datafetch=1
[old-full-dump] seq=016 page=5 got=100 total=500 expected=2904 datafetch=1
[old-full-dump] seq=016 page=6 got=100 total=600 expected=2904 datafetch=1
[old-full-dump] seq=016 page=7 got=100 total=700 expected=2904 datafetch=1
[old-full-dump] seq=016 page=8 got=100 total=800 expected=2904 datafetch=1
[old-full-dump] seq=016 page=9 got=100 total=900 expected=2904 datafetch=1
[old-full-dump] seq=016 page=10 got=100 total=1000 expected=2904 datafetch=1
[old-full-dump] seq=016 page=11 got=100 total=1100 expected=2904 datafetch=1
[old-full-dump] seq=016 page=12 got=100 total=1200 expected=2904 datafetch=1
[old-full-dump] seq=016 page=13 got=100 total=1300 expected=2904 datafetch=1
[old-full-dump] seq=016 page=14 got=100 total=1400 expected=2904 datafetch=1
[old-full-dump] seq=016 page=15 got=100 total=1500 expected=2904 datafetch=1
[old-full-dump] seq=016 page=16 got=100 total=1600 expected=2904 datafetch=1
[old-full-dump] seq=016 page=17 got=100 total=1700 expected=2904 datafetch=1
[old-full-dump] seq=016 page=18 got=100 total=1800 expected=2904 datafetch=1
[old-full-dump] seq=016 page=19 got=100 total=1900 expected=2904 datafetch=1
[old-full-dump] seq=016 page=20 got=100 total=2000 expected=2904 datafetch=1
[old-full-dump] seq=016 page=21 got=100 total=2100 expected=2904 datafetch=1
[old-full-dump] seq=016 page=22 got=100 total=2200 expected=2904 datafetch=1
[old-full-dump] seq=016 page=23 got=100 total=2300 expected=2904 datafetch=1
[old-full-dump] seq=016 page=24 got=100 total=2400 expected=2904 datafetch=1
[old-full-dump] seq=016 page=25 got=100 total=2500 expected=2904 datafetch=1
[old-full-dump] seq=016 page=26 got=100 total=2600 expected=2904 datafetch=1
[old-full-dump] seq=016 page=27 got=100 total=2700 expected=2904 datafetch=1
[old-full-dump] seq=016 page=28 got=100 total=2800 expected=2904 datafetch=1
[old-full-dump] seq=016 page=29 got=100 total=2900 expected=2904 datafetch=1
[old-full-dump] seq=016 page=30 got=4 total=2904 expected=2904 datafetch=1
[old-full-dump] seq=016 name=投标报名管理 status=PASS count=2904 path=/home/lidefend/workspace/sce-backend-odoo/artifacts/migration/live_old_system_strict_parity_gate/20260611T124851Z/scbs55_old_live_rows/scbs_55_old_live_full_rows_seq016_投标报名管理.json.gz error=
[old-full-dump] seq=017 page=1 got=128 total=128 expected=128 datafetch=0
[old-full-dump] seq=017 name=投标报名费申请 status=PASS count=128 path=/home/lidefend/workspace/sce-backend-odoo/artifacts/migration/live_old_system_strict_parity_gate/20260611T124851Z/scbs55_old_live_rows/scbs_55_old_live_full_rows_seq017_投标报名费申请.json.gz error=
[old-full-dump] seq=018 page=1 got=100 total=100 expected=1595 datafetch=1
[old-full-dump] seq=018 page=2 got=100 total=200 expected=1595 datafetch=1
[old-full-dump] seq=018 page=3 got=100 total=300 expected=1595 datafetch=1
[old-full-dump] seq=018 page=4 got=100 total=400 expected=1595 datafetch=1
[old-full-dump] seq=018 page=5 got=100 total=500 expected=1595 datafetch=1
[old-full-dump] seq=018 page=6 got=100 total=600 expected=1595 datafetch=1
[old-full-dump] seq=018 page=7 got=100 total=700 expected=1595 datafetch=1
[old-full-dump] seq=018 page=8 got=100 total=800 expected=1595 datafetch=1
[old-full-dump] seq=018 page=9 got=100 total=900 expected=1595 datafetch=1
[old-full-dump] seq=018 page=10 got=100 total=1000 expected=1595 datafetch=1
[old-full-dump] seq=018 page=11 got=100 total=1100 expected=1595 datafetch=1
[old-full-dump] seq=018 page=12 got=100 total=1200 expected=1595 datafetch=1
[old-full-dump] seq=018 page=13 got=100 total=1300 expected=1595 datafetch=1
[old-full-dump] seq=018 page=14 got=100 total=1400 expected=1595 datafetch=1
[old-full-dump] seq=018 page=15 got=100 total=1500 expected=1595 datafetch=1
[old-full-dump] seq=018 page=16 got=95 total=1595 expected=1595 datafetch=1
[old-full-dump] seq=018 name=自筹保证金 status=PASS count=1595 path=/home/lidefend/workspace/sce-backend-odoo/artifacts/migration/live_old_system_strict_parity_gate/20260611T124851Z/scbs55_old_live_rows/scbs_55_old_live_full_rows_seq018_自筹保证金.json.gz error=
[old-full-dump] seq=019 page=1 got=827 total=827 expected=827 datafetch=0
[old-full-dump] seq=019 name=自筹保证金退回 status=PASS count=827 path=/home/lidefend/workspace/sce-backend-odoo/artifacts/migration/live_old_system_strict_parity_gate/20260611T124851Z/scbs55_old_live_rows/scbs_55_old_live_full_rows_seq019_自筹保证金退回.json.gz error=
[old-full-dump] seq=020 page=1 got=100 total=100 expected=2959 datafetch=2
[old-full-dump] seq=020 page=2 got=100 total=200 expected=2959 datafetch=2
[old-full-dump] seq=020 page=3 got=100 total=300 expected=2959 datafetch=2
[old-full-dump] seq=020 page=4 got=100 total=400 expected=2959 datafetch=2
[old-full-dump] seq=020 page=5 got=100 total=500 expected=2959 datafetch=2
[old-full-dump] seq=020 page=6 got=100 total=600 expected=2959 datafetch=2
[old-full-dump] seq=020 page=7 got=100 total=700 expected=2959 datafetch=2
[old-full-dump] seq=020 page=8 got=100 total=800 expected=2959 datafetch=2
[old-full-dump] seq=020 page=9 got=100 total=900 expected=2959 datafetch=2
[old-full-dump] seq=020 page=10 got=100 total=1000 expected=2959 datafetch=2
[old-full-dump] seq=020 page=11 got=100 total=1100 expected=2959 datafetch=2
[old-full-dump] seq=020 page=12 got=100 total=1200 expected=2959 datafetch=2
[old-full-dump] seq=020 page=13 got=100 total=1300 expected=2959 datafetch=2
[old-full-dump] seq=020 page=14 got=100 total=1400 expected=2959 datafetch=2
[old-full-dump] seq=020 page=15 got=100 total=1500 expected=2959 datafetch=2
[old-full-dump] seq=020 page=16 got=100 total=1600 expected=2959 datafetch=2
[old-full-dump] seq=020 page=17 got=100 total=1700 expected=2959 datafetch=2
[old-full-dump] seq=020 page=18 got=100 total=1800 expected=2959 datafetch=2
[old-full-dump] seq=020 page=19 got=100 total=1900 expected=2959 datafetch=2
[old-full-dump] seq=020 page=20 got=100 total=2000 expected=2959 datafetch=2
[old-full-dump] seq=020 page=21 got=100 total=2100 expected=2959 datafetch=2
[old-full-dump] seq=020 page=22 got=100 total=2200 expected=2959 datafetch=2
[old-full-dump] seq=020 page=23 got=100 total=2300 expected=2959 datafetch=2
[old-full-dump] seq=020 page=24 got=100 total=2400 expected=2959 datafetch=2
[old-full-dump] seq=020 page=25 got=100 total=2500 expected=2959 datafetch=2
[old-full-dump] seq=020 page=26 got=100 total=2600 expected=2959 datafetch=2
[old-full-dump] seq=020 page=27 got=100 total=2700 expected=2959 datafetch=2
[old-full-dump] seq=020 page=28 got=100 total=2800 expected=2959 datafetch=2
[old-full-dump] seq=020 page=29 got=100 total=2900 expected=2959 datafetch=2
[old-full-dump] seq=020 page=30 got=59 total=2959 expected=2959 datafetch=2
[old-full-dump] seq=020 name=付款还保证金 status=PASS count=2959 path=/home/lidefend/workspace/sce-backend-odoo/artifacts/migration/live_old_system_strict_parity_gate/20260611T124851Z/scbs55_old_live_rows/scbs_55_old_live_full_rows_seq020_付款还保证金.json.gz error=
[old-full-dump] seq=021 page=1 got=100 total=100 expected=1913 datafetch=1
[old-full-dump] seq=021 page=2 got=100 total=200 expected=1913 datafetch=1
[old-full-dump] seq=021 page=3 got=100 total=300 expected=1913 datafetch=1
[old-full-dump] seq=021 page=4 got=100 total=400 expected=1913 datafetch=1
[old-full-dump] seq=021 page=5 got=100 total=500 expected=1913 datafetch=1
[old-full-dump] seq=021 page=6 got=100 total=600 expected=1913 datafetch=1
[old-full-dump] seq=021 page=7 got=100 total=700 expected=1913 datafetch=1
[old-full-dump] seq=021 page=8 got=100 total=800 expected=1913 datafetch=1
[old-full-dump] seq=021 page=9 got=100 total=900 expected=1913 datafetch=1
[old-full-dump] seq=021 page=10 got=100 total=1000 expected=1913 datafetch=1
[old-full-dump] seq=021 page=11 got=100 total=1100 expected=1913 datafetch=1
[old-full-dump] seq=021 page=12 got=100 total=1200 expected=1913 datafetch=1
[old-full-dump] seq=021 page=13 got=100 total=1300 expected=1913 datafetch=1
[old-full-dump] seq=021 page=14 got=100 total=1400 expected=1913 datafetch=1
[old-full-dump] seq=021 page=15 got=100 total=1500 expected=1913 datafetch=1
[old-full-dump] seq=021 page=16 got=100 total=1600 expected=1913 datafetch=1
[old-full-dump] seq=021 page=17 got=100 total=1700 expected=1913 datafetch=1
[old-full-dump] seq=021 page=18 got=100 total=1800 expected=1913 datafetch=1
[old-full-dump] seq=021 page=19 got=100 total=1900 expected=1913 datafetch=1
[old-full-dump] seq=021 page=20 got=13 total=1913 expected=1913 datafetch=1
[old-full-dump] seq=021 name=付款还保证金退回 status=PASS count=1913 path=/home/lidefend/workspace/sce-backend-odoo/artifacts/migration/live_old_system_strict_parity_gate/20260611T124851Z/scbs55_old_live_rows/scbs_55_old_live_full_rows_seq021_付款还保证金退回.json.gz error=
[old-full-dump] seq=022 page=1 got=37 total=37 expected=37 datafetch=0
[old-full-dump] seq=022 name=借款申请 status=PASS count=37 path=/home/lidefend/workspace/sce-backend-odoo/artifacts/migration/live_old_system_strict_parity_gate/20260611T124851Z/scbs55_old_live_rows/scbs_55_old_live_full_rows_seq022_借款申请.json.gz error=
[old-full-dump] seq=023 page=1 got=25 total=25 expected=25 datafetch=0
[old-full-dump] seq=023 name=还款登记 status=PASS count=25 path=/home/lidefend/workspace/sce-backend-odoo/artifacts/migration/live_old_system_strict_parity_gate/20260611T124851Z/scbs55_old_live_rows/scbs_55_old_live_full_rows_seq023_还款登记.json.gz error=
[old-full-dump] seq=024 page=1 got=1000 total=1000 expected=3582 datafetch=0
[old-full-dump] seq=024 page=2 got=1000 total=2000 expected=3582 datafetch=0
[old-full-dump] seq=024 page=3 got=1000 total=3000 expected=3582 datafetch=0
[old-full-dump] seq=024 page=4 got=582 total=3582 expected=3582 datafetch=0
[old-full-dump] seq=024 name=报销申请 status=PASS count=3582 path=/home/lidefend/workspace/sce-backend-odoo/artifacts/migration/live_old_system_strict_parity_gate/20260611T124851Z/scbs55_old_live_rows/scbs_55_old_live_full_rows_seq024_报销申请.json.gz error=
[old-full-dump] seq=025 page=1 got=1000 total=1000 expected=4774 datafetch=0
[old-full-dump] seq=025 page=2 got=1000 total=2000 expected=4774 datafetch=0
[old-full-dump] seq=025 page=3 got=1000 total=3000 expected=4774 datafetch=0
[old-full-dump] seq=025 page=4 got=1000 total=4000 expected=4774 datafetch=0
[old-full-dump] seq=025 page=5 got=774 total=4774 expected=4774 datafetch=0
[old-full-dump] seq=025 name=收入 status=PASS count=4774 path=/home/lidefend/workspace/sce-backend-odoo/artifacts/migration/live_old_system_strict_parity_gate/20260611T124851Z/scbs55_old_live_rows/scbs_55_old_live_full_rows_seq025_收入.json.gz error=
[old-full-dump] seq=026 page=1 got=100 total=100 expected=2736 datafetch=1
[old-full-dump] seq=026 page=2 got=100 total=200 expected=2736 datafetch=1
[old-full-dump] seq=026 page=3 got=100 total=300 expected=2736 datafetch=1
[old-full-dump] seq=026 page=4 got=100 total=400 expected=2736 datafetch=1
[old-full-dump] seq=026 page=5 got=100 total=500 expected=2736 datafetch=1
[old-full-dump] seq=026 page=6 got=100 total=600 expected=2736 datafetch=1
[old-full-dump] seq=026 page=7 got=100 total=700 expected=2736 datafetch=1
[old-full-dump] seq=026 page=8 got=100 total=800 expected=2736 datafetch=1
[old-full-dump] seq=026 page=9 got=100 total=900 expected=2736 datafetch=1
[old-full-dump] seq=026 page=10 got=100 total=1000 expected=2736 datafetch=1
[old-full-dump] seq=026 page=11 got=100 total=1100 expected=2736 datafetch=1
[old-full-dump] seq=026 page=12 got=100 total=1200 expected=2736 datafetch=1
[old-full-dump] seq=026 page=13 got=100 total=1300 expected=2736 datafetch=1
[old-full-dump] seq=026 page=14 got=100 total=1400 expected=2736 datafetch=1
[old-full-dump] seq=026 page=15 got=100 total=1500 expected=2736 datafetch=1
[old-full-dump] seq=026 page=16 got=100 total=1600 expected=2736 datafetch=1
[old-full-dump] seq=026 page=17 got=100 total=1700 expected=2736 datafetch=1
[old-full-dump] seq=026 page=18 got=100 total=1800 expected=2736 datafetch=1
[old-full-dump] seq=026 page=19 got=100 total=1900 expected=2736 datafetch=1
[old-full-dump] seq=026 page=20 got=100 total=2000 expected=2736 datafetch=1
[old-full-dump] seq=026 page=21 got=100 total=2100 expected=2736 datafetch=1
[old-full-dump] seq=026 page=22 got=100 total=2200 expected=2736 datafetch=1
[old-full-dump] seq=026 page=23 got=100 total=2300 expected=2736 datafetch=1
[old-full-dump] seq=026 page=24 got=100 total=2400 expected=2736 datafetch=1
[old-full-dump] seq=026 page=25 got=100 total=2500 expected=2736 datafetch=1
[old-full-dump] seq=026 page=26 got=100 total=2600 expected=2736 datafetch=1
[old-full-dump] seq=026 page=27 got=100 total=2700 expected=2736 datafetch=1
[old-full-dump] seq=026 page=28 got=36 total=2736 expected=2736 datafetch=1
[old-full-dump] seq=026 name=公司财务支出 status=PASS count=2736 path=/home/lidefend/workspace/sce-backend-odoo/artifacts/migration/live_old_system_strict_parity_gate/20260611T124851Z/scbs55_old_live_rows/scbs_55_old_live_full_rows_seq026_公司财务支出.json.gz error=
[old-full-dump] seq=027 page=1 got=157 total=157 expected=157 datafetch=0
[old-full-dump] seq=027 name=承包人还项目款 status=PASS count=157 path=/home/lidefend/workspace/sce-backend-odoo/artifacts/migration/live_old_system_strict_parity_gate/20260611T124851Z/scbs55_old_live_rows/scbs_55_old_live_full_rows_seq027_承包人还项目款.json.gz error=
[old-full-dump] seq=028 page=1 got=166 total=166 expected=166 datafetch=0
[old-full-dump] seq=028 name=承包人借项目款 status=PASS count=166 path=/home/lidefend/workspace/sce-backend-odoo/artifacts/migration/live_old_system_strict_parity_gate/20260611T124851Z/scbs55_old_live_rows/scbs_55_old_live_full_rows_seq028_承包人借项目款.json.gz error=
[old-full-dump] seq=029 page=1 got=100 total=100 expected=13665 datafetch=2
[old-full-dump] seq=029 page=2 got=100 total=200 expected=13665 datafetch=2
[old-full-dump] seq=029 page=3 got=100 total=300 expected=13665 datafetch=2
[old-full-dump] seq=029 page=4 got=100 total=400 expected=13665 datafetch=2
[old-full-dump] seq=029 page=5 got=100 total=500 expected=13665 datafetch=2
[old-full-dump] seq=029 page=6 got=100 total=600 expected=13665 datafetch=2
[old-full-dump] seq=029 page=7 got=100 total=700 expected=13665 datafetch=2
[old-full-dump] seq=029 page=8 got=100 total=800 expected=13665 datafetch=2
[old-full-dump] seq=029 page=9 got=100 total=900 expected=13665 datafetch=2
[old-full-dump] seq=029 page=10 got=100 total=1000 expected=13665 datafetch=2
[old-full-dump] seq=029 page=11 got=100 total=1100 expected=13665 datafetch=2
[old-full-dump] seq=029 page=12 got=100 total=1200 expected=13665 datafetch=2
[old-full-dump] seq=029 page=13 got=100 total=1300 expected=13665 datafetch=2
[old-full-dump] seq=029 page=14 got=100 total=1400 expected=13665 datafetch=2
[old-full-dump] seq=029 page=15 got=100 total=1500 expected=13665 datafetch=2
[old-full-dump] seq=029 page=16 got=100 total=1600 expected=13665 datafetch=2
[old-full-dump] seq=029 page=17 got=100 total=1700 expected=13665 datafetch=2
[old-full-dump] seq=029 page=18 got=100 total=1800 expected=13665 datafetch=2
[old-full-dump] seq=029 page=19 got=100 total=1900 expected=13665 datafetch=2
[old-full-dump] seq=029 page=20 got=100 total=2000 expected=13665 datafetch=2
[old-full-dump] seq=029 page=21 got=100 total=2100 expected=13665 datafetch=2
[old-full-dump] seq=029 page=22 got=100 total=2200 expected=13665 datafetch=2
[old-full-dump] seq=029 page=23 got=100 total=2300 expected=13665 datafetch=2
[old-full-dump] seq=029 page=24 got=100 total=2400 expected=13665 datafetch=2
[old-full-dump] seq=029 page=25 got=100 total=2500 expected=13665 datafetch=2
[old-full-dump] seq=029 page=26 got=100 total=2600 expected=13665 datafetch=2
[old-full-dump] seq=029 page=27 got=100 total=2700 expected=13665 datafetch=2
[old-full-dump] seq=029 page=28 got=100 total=2800 expected=13665 datafetch=2
[old-full-dump] seq=029 page=29 got=100 total=2900 expected=13665 datafetch=2
[old-full-dump] seq=029 page=30 got=100 total=3000 expected=13665 datafetch=2
[old-full-dump] seq=029 page=31 got=100 total=3100 expected=13665 datafetch=2
[old-full-dump] seq=029 page=32 got=100 total=3200 expected=13665 datafetch=2
[old-full-dump] seq=029 page=33 got=100 total=3300 expected=13665 datafetch=2
[old-full-dump] seq=029 page=34 got=100 total=3400 expected=13665 datafetch=2
[old-full-dump] seq=029 page=35 got=100 total=3500 expected=13665 datafetch=2
[old-full-dump] seq=029 page=36 got=100 total=3600 expected=13665 datafetch=2
[old-full-dump] seq=029 page=37 got=100 total=3700 expected=13665 datafetch=2
[old-full-dump] seq=029 page=38 got=100 total=3800 expected=13665 datafetch=2
[old-full-dump] seq=029 page=39 got=100 total=3900 expected=13665 datafetch=2
[old-full-dump] seq=029 page=40 got=100 total=4000 expected=13665 datafetch=2
[old-full-dump] seq=029 page=41 got=100 total=4100 expected=13665 datafetch=2
[old-full-dump] seq=029 page=42 got=100 total=4200 expected=13665 datafetch=2
[old-full-dump] seq=029 page=43 got=100 total=4300 expected=13665 datafetch=2
[old-full-dump] seq=029 page=44 got=100 total=4400 expected=13665 datafetch=2
[old-full-dump] seq=029 page=45 got=100 total=4500 expected=13665 datafetch=2
[old-full-dump] seq=029 page=46 got=100 total=4600 expected=13665 datafetch=2
[old-full-dump] seq=029 page=47 got=100 total=4700 expected=13665 datafetch=2
[old-full-dump] seq=029 page=48 got=100 total=4800 expected=13665 datafetch=2
[old-full-dump] seq=029 page=49 got=100 total=4900 expected=13665 datafetch=2
[old-full-dump] seq=029 page=50 got=100 total=5000 expected=13665 datafetch=2
[old-full-dump] seq=029 page=51 got=100 total=5100 expected=13665 datafetch=2
[old-full-dump] seq=029 page=52 got=100 total=5200 expected=13665 datafetch=2
[old-full-dump] seq=029 page=53 got=100 total=5300 expected=13665 datafetch=2
[old-full-dump] seq=029 page=54 got=100 total=5400 expected=13665 datafetch=2
[old-full-dump] seq=029 page=55 got=100 total=5500 expected=13665 datafetch=2
[old-full-dump] seq=029 page=56 got=100 total=5600 expected=13665 datafetch=2
[old-full-dump] seq=029 page=57 got=100 total=5700 expected=13665 datafetch=2
[old-full-dump] seq=029 page=58 got=100 total=5800 expected=13665 datafetch=2
[old-full-dump] seq=029 page=59 got=100 total=5900 expected=13665 datafetch=2
[old-full-dump] seq=029 page=60 got=100 total=6000 expected=13665 datafetch=2
[old-full-dump] seq=029 page=61 got=100 total=6100 expected=13665 datafetch=2
[old-full-dump] seq=029 page=62 got=100 total=6200 expected=13665 datafetch=2
[old-full-dump] seq=029 page=63 got=100 total=6300 expected=13665 datafetch=2
[old-full-dump] seq=029 page=64 got=100 total=6400 expected=13665 datafetch=2
[old-full-dump] seq=029 page=65 got=100 total=6500 expected=13665 datafetch=2
[old-full-dump] seq=029 page=66 got=100 total=6600 expected=13665 datafetch=2
[old-full-dump] seq=029 page=67 got=100 total=6700 expected=13665 datafetch=2
[old-full-dump] seq=029 page=68 got=100 total=6800 expected=13665 datafetch=2
[old-full-dump] seq=029 page=69 got=100 total=6900 expected=13665 datafetch=2
[old-full-dump] seq=029 page=70 got=100 total=7000 expected=13665 datafetch=2
[old-full-dump] seq=029 page=71 got=100 total=7100 expected=13665 datafetch=2
[old-full-dump] seq=029 page=72 got=100 total=7200 expected=13665 datafetch=2
[old-full-dump] seq=029 page=73 got=100 total=7300 expected=13665 datafetch=2
[old-full-dump] seq=029 page=74 got=100 total=7400 expected=13665 datafetch=2
[old-full-dump] seq=029 page=75 got=100 total=7500 expected=13665 datafetch=2
[old-full-dump] seq=029 page=76 got=100 total=7600 expected=13665 datafetch=2
[old-full-dump] seq=029 page=77 got=100 total=7700 expected=13665 datafetch=2
[old-full-dump] seq=029 page=78 got=100 total=7800 expected=13665 datafetch=2
[old-full-dump] seq=029 page=79 got=100 total=7900 expected=13665 datafetch=2
[old-full-dump] seq=029 page=80 got=100 total=8000 expected=13665 datafetch=2
[old-full-dump] seq=029 page=81 got=100 total=8100 expected=13665 datafetch=2
[old-full-dump] seq=029 page=82 got=100 total=8200 expected=13665 datafetch=2
[old-full-dump] seq=029 page=83 got=100 total=8300 expected=13665 datafetch=2
[old-full-dump] seq=029 page=84 got=100 total=8400 expected=13665 datafetch=2
[old-full-dump] seq=029 page=85 got=100 total=8500 expected=13665 datafetch=2
[old-full-dump] seq=029 page=86 got=100 total=8600 expected=13665 datafetch=2
[old-full-dump] seq=029 page=87 got=100 total=8700 expected=13665 datafetch=2
[old-full-dump] seq=029 page=88 got=100 total=8800 expected=13665 datafetch=2
[old-full-dump] seq=029 page=89 got=100 total=8900 expected=13665 datafetch=2
[old-full-dump] seq=029 page=90 got=100 total=9000 expected=13665 datafetch=2
[old-full-dump] seq=029 page=91 got=100 total=9100 expected=13665 datafetch=2
[old-full-dump] seq=029 page=92 got=100 total=9200 expected=13665 datafetch=2
[old-full-dump] seq=029 page=93 got=100 total=9300 expected=13665 datafetch=2
[old-full-dump] seq=029 page=94 got=100 total=9400 expected=13665 datafetch=2
[old-full-dump] seq=029 page=95 got=100 total=9500 expected=13665 datafetch=2
[old-full-dump] seq=029 page=96 got=100 total=9600 expected=13665 datafetch=2
[old-full-dump] seq=029 page=97 got=100 total=9700 expected=13665 datafetch=2
