$ python3 scripts/verify/scbsly_direct_project_old_row_dump.py
[scbsly-row-dump-page] 施工合同 page=1 source=online rows=182 total=182/182
[scbsly-row-dump] PASS 施工合同 182/182 -> /home/lidefend/workspace/sce-backend-odoo/artifacts/migration/live_old_system_strict_parity_gate/20260601T130457Z/scbsly_direct_project_old_rows/施工合同__164b665cc3674384aeaa89f3122895cf.json
[scbsly-row-dump-page] 分包合同 page=1 source=online rows=86 total=86/86
[scbsly-row-dump] PASS 分包合同 86/86 -> /home/lidefend/workspace/sce-backend-odoo/artifacts/migration/live_old_system_strict_parity_gate/20260601T130457Z/scbsly_direct_project_old_rows/分包合同__96fc3448ba5844af9e862a42f0ebfa57.json
[scbsly-row-dump-page] 租赁合同 page=1 source=online rows=221 total=221/221
[scbsly-row-dump] PASS 租赁合同 221/221 -> /home/lidefend/workspace/sce-backend-odoo/artifacts/migration/live_old_system_strict_parity_gate/20260601T130457Z/scbsly_direct_project_old_rows/租赁合同__a83d43fc44fa43d2abf8b94739e7f7be.json
[scbsly-row-dump-page] 供货合同 page=1 source=online rows=250 total=250/849
[scbsly-row-dump-page] 供货合同 page=2 source=online rows=250 total=500/849
[scbsly-row-dump-page] 供货合同 page=3 source=online rows=250 total=750/849
[scbsly-row-dump-page] 供货合同 page=4 source=online rows=99 total=849/849
[scbsly-row-dump] PASS 供货合同 849/849 -> /home/lidefend/workspace/sce-backend-odoo/artifacts/migration/live_old_system_strict_parity_gate/20260601T130457Z/scbsly_direct_project_old_rows/供货合同__77585134a02a48e7bd578e8ee3dd5bf2.json
[scbsly-row-dump-page] 劳务合同 page=1 source=online rows=187 total=187/187
[scbsly-row-dump] PASS 劳务合同 187/187 -> /home/lidefend/workspace/sce-backend-odoo/artifacts/migration/live_old_system_strict_parity_gate/20260601T130457Z/scbsly_direct_project_old_rows/劳务合同__838f5d5f02f34770977a6195d072ba30.json
[scbsly-row-dump-page] 机械合同（合同） page=1 source=online rows=221 total=221/221
[scbsly-row-dump] PASS 机械合同（合同） 221/221 -> /home/lidefend/workspace/sce-backend-odoo/artifacts/migration/live_old_system_strict_parity_gate/20260601T130457Z/scbsly_direct_project_old_rows/机械合同_合同__5e0f494d317442159ce976e9dfe4166d.json
[scbsly-row-dump-page] 材料计划 page=1 source=online rows=250 total=250/686
[scbsly-row-dump-page] 材料计划 page=2 source=online rows=250 total=500/686
[scbsly-row-dump-page] 材料计划 page=3 source=online rows=186 total=686/686
[scbsly-row-dump] PASS 材料计划 686/686 -> /home/lidefend/workspace/sce-backend-odoo/artifacts/migration/live_old_system_strict_parity_gate/20260601T130457Z/scbsly_direct_project_old_rows/材料计划__408483c2817d4b77ab7877ec017cde33.json
[scbsly-row-dump-page] 报价单 page=1 source=online rows=126 total=126/126
[scbsly-row-dump] PASS 报价单 126/126 -> /home/lidefend/workspace/sce-backend-odoo/artifacts/migration/live_old_system_strict_parity_gate/20260601T130457Z/scbsly_direct_project_old_rows/报价单__ea657b9e2a4f4a5185cd0d34e914d030.json
[scbsly-row-dump-page] 入库 page=1 source=online rows=250 total=250/13174
[scbsly-row-dump-page] 入库 page=2 source=online rows=250 total=500/13174
[scbsly-row-dump-page] 入库 page=3 source=online rows=250 total=750/13174
[scbsly-row-dump-page] 入库 page=4 source=online rows=250 total=1000/13174
[scbsly-row-dump-page] 入库 page=5 source=online rows=250 total=1250/13174
[scbsly-row-dump-page] 入库 page=6 source=online rows=250 total=1500/13174
[scbsly-row-dump-page] 入库 page=7 source=online rows=250 total=1750/13174
[scbsly-row-dump-page] 入库 page=8 source=online rows=250 total=2000/13174
[scbsly-row-dump-page] 入库 page=9 source=online rows=250 total=2250/13174
[scbsly-row-dump-page] 入库 page=10 source=online rows=250 total=2500/13174
[scbsly-row-dump-page] 入库 page=11 source=online rows=250 total=2750/13174
[scbsly-row-dump-page] 入库 page=12 source=online rows=250 total=3000/13174
[scbsly-row-dump-page] 入库 page=13 source=online rows=250 total=3250/13174
[scbsly-row-dump-page] 入库 page=14 source=online rows=250 total=3500/13174
[scbsly-row-dump-page] 入库 page=15 source=online rows=250 total=3750/13174
[scbsly-row-dump-page] 入库 page=16 source=online rows=250 total=4000/13174
[scbsly-row-dump-page] 入库 page=17 source=online rows=250 total=4250/13174
[scbsly-row-dump-page] 入库 page=18 source=online rows=250 total=4500/13174
[scbsly-row-dump-page] 入库 page=19 source=online rows=250 total=4750/13174
[scbsly-row-dump-page] 入库 page=20 source=online rows=250 total=5000/13174
[scbsly-row-dump-page] 入库 page=21 source=online rows=250 total=5250/13174
[scbsly-row-dump-page] 入库 page=22 source=online rows=250 total=5500/13174
[scbsly-row-dump-page] 入库 page=23 source=online rows=250 total=5750/13174
[scbsly-row-dump-page] 入库 page=24 source=online rows=250 total=6000/13174
[scbsly-row-dump-page] 入库 page=25 source=online rows=250 total=6250/13174
[scbsly-row-dump-page] 入库 page=26 source=online rows=250 total=6500/13174
[scbsly-row-dump-page] 入库 page=27 source=online rows=250 total=6750/13174
[scbsly-row-dump-page] 入库 page=28 source=online rows=250 total=7000/13174
[scbsly-row-dump-page] 入库 page=29 source=online rows=250 total=7250/13174
[scbsly-row-dump-page] 入库 page=30 source=online rows=250 total=7500/13174
[scbsly-row-dump-page] 入库 page=31 source=online rows=250 total=7750/13174
[scbsly-row-dump-page] 入库 page=32 source=online rows=250 total=8000/13174
[scbsly-row-dump-page] 入库 page=33 source=online rows=250 total=8250/13174
[scbsly-row-dump-page] 入库 page=34 source=online rows=250 total=8500/13174
[scbsly-row-dump-page] 入库 page=35 source=online rows=250 total=8750/13174
[scbsly-row-dump-page] 入库 page=36 source=online rows=250 total=9000/13174
[scbsly-row-dump-page] 入库 page=37 source=online rows=250 total=9250/13174
[scbsly-row-dump-page] 入库 page=38 source=online rows=250 total=9500/13174
[scbsly-row-dump-page] 入库 page=39 source=online rows=250 total=9750/13174
[scbsly-row-dump-page] 入库 page=40 source=online rows=250 total=10000/13174
[scbsly-row-dump-page] 入库 page=41 source=online rows=250 total=10250/13174
[scbsly-row-dump-page] 入库 page=42 source=online rows=250 total=10500/13174
[scbsly-row-dump-page] 入库 page=43 source=online rows=250 total=10750/13174
[scbsly-row-dump-page] 入库 page=44 source=online rows=250 total=11000/13174
[scbsly-row-dump-page] 入库 page=45 source=online rows=250 total=11250/13174
[scbsly-row-dump-page] 入库 page=46 source=online rows=250 total=11500/13174
[scbsly-row-dump-page] 入库 page=47 source=online rows=250 total=11750/13174
[scbsly-row-dump-page] 入库 page=48 source=online rows=250 total=12000/13174
[scbsly-row-dump-page] 入库 page=49 source=online rows=250 total=12250/13174
[scbsly-row-dump-page] 入库 page=50 source=online rows=250 total=12500/13174
[scbsly-row-dump-page] 入库 page=51 source=online rows=250 total=12750/13174
[scbsly-row-dump-page] 入库 page=52 source=online rows=250 total=13000/13174
[scbsly-row-dump-page] 入库 page=53 source=online rows=174 total=13174/13174
[scbsly-row-dump] PASS 入库 13174/13174 -> /home/lidefend/workspace/sce-backend-odoo/artifacts/migration/live_old_system_strict_parity_gate/20260601T130457Z/scbsly_direct_project_old_rows/入库__41cceeadbf804062855559255f1c3cdc.json
[scbsly-row-dump-page] 材料结算单 page=1 source=online rows=250 total=250/1215
[scbsly-row-dump-page] 材料结算单 page=2 source=online rows=250 total=500/1215
[scbsly-row-dump-page] 材料结算单 page=3 source=online rows=250 total=750/1215
[scbsly-row-dump-page] 材料结算单 page=4 source=online rows=250 total=1000/1215
[scbsly-row-dump-page] 材料结算单 page=5 source=online rows=215 total=1215/1215
[scbsly-row-dump] PASS 材料结算单 1215/1215 -> /home/lidefend/workspace/sce-backend-odoo/artifacts/migration/live_old_system_strict_parity_gate/20260601T130457Z/scbsly_direct_project_old_rows/材料结算单__b82594f3dfc642ec8289998f297f33c0.json
[scbsly-row-dump-page] 方单 page=1 source=online rows=250 total=250/252
[scbsly-row-dump-page] 方单 page=2 source=online rows=2 total=252/252
[scbsly-row-dump] PASS 方单 252/252 -> /home/lidefend/workspace/sce-backend-odoo/artifacts/migration/live_old_system_strict_parity_gate/20260601T130457Z/scbsly_direct_project_old_rows/方单__1b56ce6f9b484efda3d7fc6e29e28381.json
[scbsly-row-dump-page] 零星用工 page=1 source=online rows=250 total=250/8788
[scbsly-row-dump-page] 零星用工 page=2 source=online rows=250 total=500/8788
[scbsly-row-dump-page] 零星用工 page=3 source=online rows=250 total=750/8788
[scbsly-row-dump-page] 零星用工 page=4 source=online rows=250 total=1000/8788
[scbsly-row-dump-page] 零星用工 page=5 source=online rows=250 total=1250/8788
[scbsly-row-dump-page] 零星用工 page=6 source=online rows=250 total=1500/8788
[scbsly-row-dump-page] 零星用工 page=7 source=online rows=250 total=1750/8788
[scbsly-row-dump-page] 零星用工 page=8 source=online rows=250 total=2000/8788
[scbsly-row-dump-page] 零星用工 page=9 source=online rows=250 total=2250/8788
[scbsly-row-dump-page] 零星用工 page=10 source=online rows=250 total=2500/8788
[scbsly-row-dump-page] 零星用工 page=11 source=online rows=250 total=2750/8788
[scbsly-row-dump-page] 零星用工 page=12 source=online rows=250 total=3000/8788
[scbsly-row-dump-page] 零星用工 page=13 source=online rows=250 total=3250/8788
[scbsly-row-dump-page] 零星用工 page=14 source=online rows=250 total=3500/8788
[scbsly-row-dump-page] 零星用工 page=15 source=online rows=250 total=3750/8788
[scbsly-row-dump-page] 零星用工 page=16 source=online rows=250 total=4000/8788
[scbsly-row-dump-page] 零星用工 page=17 source=online rows=250 total=4250/8788
[scbsly-row-dump-page] 零星用工 page=18 source=online rows=250 total=4500/8788
[scbsly-row-dump-page] 零星用工 page=19 source=online rows=250 total=4750/8788
[scbsly-row-dump-page] 零星用工 page=20 source=online rows=250 total=5000/8788
[scbsly-row-dump-page] 零星用工 page=21 source=online rows=250 total=5250/8788
[scbsly-row-dump-page] 零星用工 page=22 source=online rows=250 total=5500/8788
[scbsly-row-dump-page] 零星用工 page=23 source=online rows=250 total=5750/8788
[scbsly-row-dump-page] 零星用工 page=24 source=online rows=250 total=6000/8788
[scbsly-row-dump-page] 零星用工 page=25 source=online rows=250 total=6250/8788
[scbsly-row-dump-page] 零星用工 page=26 source=online rows=250 total=6500/8788
[scbsly-row-dump-page] 零星用工 page=27 source=online rows=250 total=6750/8788
[scbsly-row-dump-page] 零星用工 page=28 source=online rows=250 total=7000/8788
[scbsly-row-dump-page] 零星用工 page=29 source=online rows=250 total=7250/8788
[scbsly-row-dump-page] 零星用工 page=30 source=online rows=250 total=7500/8788
[scbsly-row-dump-page] 零星用工 page=31 source=online rows=250 total=7750/8788
[scbsly-row-dump-page] 零星用工 page=32 source=online rows=250 total=8000/8788
[scbsly-row-dump-page] 零星用工 page=33 source=online rows=250 total=8250/8788
[scbsly-row-dump-page] 零星用工 page=34 source=online rows=250 total=8500/8788
[scbsly-row-dump-page] 零星用工 page=35 source=online rows=250 total=8750/8788
[scbsly-row-dump-page] 零星用工 page=36 source=online rows=38 total=8788/8788
[scbsly-row-dump] PASS 零星用工 8788/8788 -> /home/lidefend/workspace/sce-backend-odoo/artifacts/migration/live_old_system_strict_parity_gate/20260601T130457Z/scbsly_direct_project_old_rows/零星用工__9acae0644eab4a728a8b70bea7006509.json
[scbsly-row-dump-page] 劳务结算 page=1 source=online rows=250 total=250/576
[scbsly-row-dump-page] 劳务结算 page=2 source=online rows=250 total=500/576
[scbsly-row-dump-page] 劳务结算 page=3 source=online rows=76 total=576/576
[scbsly-row-dump] PASS 劳务结算 576/576 -> /home/lidefend/workspace/sce-backend-odoo/artifacts/migration/live_old_system_strict_parity_gate/20260601T130457Z/scbsly_direct_project_old_rows/劳务结算__8bf439083e1048eeb0209934a2877450.json
[scbsly-row-dump-page] 分包方单 page=1 source=online rows=250 total=250/721
[scbsly-row-dump-page] 分包方单 page=2 source=online rows=250 total=500/721
[scbsly-row-dump-page] 分包方单 page=3 source=online rows=221 total=721/721
[scbsly-row-dump] PASS 分包方单 721/721 -> /home/lidefend/workspace/sce-backend-odoo/artifacts/migration/live_old_system_strict_parity_gate/20260601T130457Z/scbsly_direct_project_old_rows/分包方单__f6fc81dedcfe4ff9a554c2be4a1bafd8.json
[scbsly-row-dump-page] 分包结算单 page=1 source=online rows=88 total=88/88
[scbsly-row-dump] PASS 分包结算单 88/88 -> /home/lidefend/workspace/sce-backend-odoo/artifacts/migration/live_old_system_strict_parity_gate/20260601T130457Z/scbsly_direct_project_old_rows/分包结算单__789fc7514b5a4341988ae78dcc6e72fc.json
[scbsly-row-dump-page] 机械台班记录 page=1 source=online rows=250 total=250/17501
[scbsly-row-dump-page] 机械台班记录 page=2 source=online rows=250 total=500/17501
[scbsly-row-dump-page] 机械台班记录 page=3 source=online rows=250 total=750/17501
[scbsly-row-dump-page] 机械台班记录 page=4 source=online rows=250 total=1000/17501
[scbsly-row-dump-page] 机械台班记录 page=5 source=online rows=250 total=1250/17501
[scbsly-row-dump-page] 机械台班记录 page=6 source=online rows=250 total=1500/17501
[scbsly-row-dump-page] 机械台班记录 page=7 source=online rows=250 total=1750/17501
[scbsly-row-dump-page] 机械台班记录 page=8 source=online rows=250 total=2000/17501
[scbsly-row-dump-page] 机械台班记录 page=9 source=online rows=250 total=2250/17501
[scbsly-row-dump-page] 机械台班记录 page=10 source=online rows=250 total=2500/17501
[scbsly-row-dump-page] 机械台班记录 page=11 source=online rows=250 total=2750/17501
[scbsly-row-dump-page] 机械台班记录 page=12 source=online rows=250 total=3000/17501
[scbsly-row-dump-page] 机械台班记录 page=13 source=online rows=250 total=3250/17501
[scbsly-row-dump-page] 机械台班记录 page=14 source=online rows=250 total=3500/17501
[scbsly-row-dump-page] 机械台班记录 page=15 source=online rows=250 total=3750/17501
[scbsly-row-dump-page] 机械台班记录 page=16 source=online rows=250 total=4000/17501
[scbsly-row-dump-page] 机械台班记录 page=17 source=online rows=250 total=4250/17501
[scbsly-row-dump-page] 机械台班记录 page=18 source=online rows=250 total=4500/17501
[scbsly-row-dump-page] 机械台班记录 page=19 source=online rows=250 total=4750/17501
[scbsly-row-dump-page] 机械台班记录 page=20 source=online rows=250 total=5000/17501
[scbsly-row-dump-page] 机械台班记录 page=21 source=online rows=250 total=5250/17501
[scbsly-row-dump-page] 机械台班记录 page=22 source=online rows=250 total=5500/17501
[scbsly-row-dump-page] 机械台班记录 page=23 source=online rows=250 total=5750/17501
[scbsly-row-dump-page] 机械台班记录 page=24 source=online rows=250 total=6000/17501
[scbsly-row-dump-page] 机械台班记录 page=25 source=online rows=250 total=6250/17501
[scbsly-row-dump-page] 机械台班记录 page=26 source=online rows=250 total=6500/17501
[scbsly-row-dump-page] 机械台班记录 page=27 source=online rows=250 total=6750/17501
[scbsly-row-dump-page] 机械台班记录 page=28 source=online rows=250 total=7000/17501
[scbsly-row-dump-page] 机械台班记录 page=29 source=online rows=250 total=7250/17501
[scbsly-row-dump-page] 机械台班记录 page=30 source=online rows=250 total=7500/17501
[scbsly-row-dump-page] 机械台班记录 page=31 source=online rows=250 total=7750/17501
[scbsly-row-dump-page] 机械台班记录 page=32 source=online rows=250 total=8000/17501
[scbsly-row-dump-page] 机械台班记录 page=33 source=online rows=250 total=8250/17501
[scbsly-row-dump-page] 机械台班记录 page=34 source=online rows=250 total=8500/17501
[scbsly-row-dump-page] 机械台班记录 page=35 source=online rows=250 total=8750/17501
[scbsly-row-dump-page] 机械台班记录 page=36 source=online rows=250 total=9000/17501
[scbsly-row-dump-page] 机械台班记录 page=37 source=online rows=250 total=9250/17501
[scbsly-row-dump-page] 机械台班记录 page=38 source=online rows=250 total=9500/17501
[scbsly-row-dump-page] 机械台班记录 page=39 source=online rows=250 total=9750/17501
[scbsly-row-dump-page] 机械台班记录 page=40 source=online rows=250 total=10000/17501
[scbsly-row-dump-page] 机械台班记录 page=41 source=online rows=250 total=10250/17501
[scbsly-row-dump-page] 机械台班记录 page=42 source=online rows=250 total=10500/17501
[scbsly-row-dump-page] 机械台班记录 page=43 source=online rows=250 total=10750/17501
[scbsly-row-dump-page] 机械台班记录 page=44 source=online rows=250 total=11000/17501
[scbsly-row-dump-page] 机械台班记录 page=45 source=online rows=250 total=11250/17501
[scbsly-row-dump-page] 机械台班记录 page=46 source=online rows=250 total=11500/17501
[scbsly-row-dump-page] 机械台班记录 page=47 source=online rows=250 total=11750/17501
[scbsly-row-dump-page] 机械台班记录 page=48 source=online rows=250 total=12000/17501
[scbsly-row-dump-page] 机械台班记录 page=49 source=online rows=250 total=12250/17501
[scbsly-row-dump-page] 机械台班记录 page=50 source=online rows=250 total=12500/17501
[scbsly-row-dump-page] 机械台班记录 page=51 source=online rows=250 total=12750/17501
[scbsly-row-dump-page] 机械台班记录 page=52 source=online rows=250 total=13000/17501
[scbsly-row-dump-page] 机械台班记录 page=53 source=online rows=250 total=13250/17501
[scbsly-row-dump-page] 机械台班记录 page=54 source=online rows=250 total=13500/17501
[scbsly-row-dump-page] 机械台班记录 page=55 source=online rows=250 total=13750/17501
[scbsly-row-dump-page] 机械台班记录 page=56 source=online rows=250 total=14000/17501
[scbsly-row-dump-page] 机械台班记录 page=57 source=online rows=250 total=14250/17501
[scbsly-row-dump-page] 机械台班记录 page=58 source=online rows=250 total=14500/17501
[scbsly-row-dump-page] 机械台班记录 page=59 source=online rows=250 total=14750/17501
[scbsly-row-dump-page] 机械台班记录 page=60 source=online rows=250 total=15000/17501
[scbsly-row-dump-page] 机械台班记录 page=61 source=online rows=250 total=15250/17501
[scbsly-row-dump-page] 机械台班记录 page=62 source=online rows=250 total=15500/17501
[scbsly-row-dump-page] 机械台班记录 page=63 source=online rows=250 total=15750/17501
[scbsly-row-dump-page] 机械台班记录 page=64 source=online rows=250 total=16000/17501
[scbsly-row-dump-page] 机械台班记录 page=65 source=online rows=250 total=16250/17501
[scbsly-row-dump-page] 机械台班记录 page=66 source=online rows=250 total=16500/17501
[scbsly-row-dump-page] 机械台班记录 page=67 source=online rows=250 total=16750/17501
[scbsly-row-dump-page] 机械台班记录 page=68 source=online rows=250 total=17000/17501
[scbsly-row-dump-page] 机械台班记录 page=69 source=online rows=250 total=17250/17501
[scbsly-row-dump-page] 机械台班记录 page=70 source=online rows=250 total=17500/17501
[scbsly-row-dump-page] 机械台班记录 page=71 source=online rows=1 total=17501/17501
[scbsly-row-dump] PASS 机械台班记录 17501/17501 -> /home/lidefend/workspace/sce-backend-odoo/artifacts/migration/live_old_system_strict_parity_gate/20260601T130457Z/scbsly_direct_project_old_rows/机械台班记录__837f56c0e31c441bbf5c352fd42d119f.json
[scbsly-row-dump-page] 机械结算单 page=1 source=online rows=250 total=250/669
[scbsly-row-dump-page] 机械结算单 page=2 source=online rows=250 total=500/669
[scbsly-row-dump-page] 机械结算单 page=3 source=online rows=169 total=669/669
[scbsly-row-dump] PASS 机械结算单 669/669 -> /home/lidefend/workspace/sce-backend-odoo/artifacts/migration/live_old_system_strict_parity_gate/20260601T130457Z/scbsly_direct_project_old_rows/机械结算单__fcc51f6173bd4df4b6b75d1face2ba98.json
[scbsly-row-dump-page] 租入 page=1 source=online rows=166 total=166/166
[scbsly-row-dump] PASS 租入 166/166 -> /home/lidefend/workspace/sce-backend-odoo/artifacts/migration/live_old_system_strict_parity_gate/20260601T130457Z/scbsly_direct_project_old_rows/租入__c9fdf7867d9a4509a9b19255741fe9de.json
[scbsly-row-dump-page] 还租 page=1 source=online rows=37 total=37/37
[scbsly-row-dump] PASS 还租 37/37 -> /home/lidefend/workspace/sce-backend-odoo/artifacts/migration/live_old_system_strict_parity_gate/20260601T130457Z/scbsly_direct_project_old_rows/还租__fa1a970eae754b78a7f095606d906b87.json
[scbsly-row-dump-page] 租赁结算单 page=1 source=online rows=250 total=250/669
[scbsly-row-dump-page] 租赁结算单 page=2 source=online rows=250 total=500/669
[scbsly-row-dump-page] 租赁结算单 page=3 source=online rows=169 total=669/669
[scbsly-row-dump] PASS 租赁结算单 669/669 -> /home/lidefend/workspace/sce-backend-odoo/artifacts/migration/live_old_system_strict_parity_gate/20260601T130457Z/scbsly_direct_project_old_rows/租赁结算单__fcc51f6173bd4df4b6b75d1face2ba98.json
[scbsly-row-dump-page] 项目费用报销单 page=1 source=online rows=250 total=250/5804
[scbsly-row-dump-page] 项目费用报销单 page=2 source=online rows=250 total=500/5804
[scbsly-row-dump-page] 项目费用报销单 page=3 source=online rows=250 total=750/5804
[scbsly-row-dump-page] 项目费用报销单 page=4 source=online rows=250 total=1000/5804
[scbsly-row-dump-page] 项目费用报销单 page=5 source=online rows=250 total=1250/5804
[scbsly-row-dump-page] 项目费用报销单 page=6 source=online rows=250 total=1500/5804
[scbsly-row-dump-page] 项目费用报销单 page=7 source=online rows=250 total=1750/5804
[scbsly-row-dump-page] 项目费用报销单 page=8 source=online rows=250 total=2000/5804
[scbsly-row-dump-page] 项目费用报销单 page=9 source=online rows=250 total=2250/5804
[scbsly-row-dump-page] 项目费用报销单 page=10 source=online rows=250 total=2500/5804
[scbsly-row-dump-page] 项目费用报销单 page=11 source=online rows=250 total=2750/5804
[scbsly-row-dump-page] 项目费用报销单 page=12 source=online rows=250 total=3000/5804
[scbsly-row-dump-page] 项目费用报销单 page=13 source=online rows=250 total=3250/5804
[scbsly-row-dump-page] 项目费用报销单 page=14 source=online rows=250 total=3500/5804
[scbsly-row-dump-page] 项目费用报销单 page=15 source=online rows=250 total=3750/5804
[scbsly-row-dump-page] 项目费用报销单 page=16 source=online rows=250 total=4000/5804
[scbsly-row-dump-page] 项目费用报销单 page=17 source=online rows=250 total=4250/5804
[scbsly-row-dump-page] 项目费用报销单 page=18 source=online rows=250 total=4500/5804
[scbsly-row-dump-page] 项目费用报销单 page=19 source=online rows=250 total=4750/5804
[scbsly-row-dump-page] 项目费用报销单 page=20 source=online rows=250 total=5000/5804
[scbsly-row-dump-page] 项目费用报销单 page=21 source=online rows=250 total=5250/5804
[scbsly-row-dump-page] 项目费用报销单 page=22 source=online rows=250 total=5500/5804
[scbsly-row-dump-page] 项目费用报销单 page=23 source=online rows=250 total=5750/5804
[scbsly-row-dump-page] 项目费用报销单 page=24 source=online rows=54 total=5804/5804
[scbsly-row-dump] PASS 项目费用报销单 5804/5804 -> /home/lidefend/workspace/sce-backend-odoo/artifacts/migration/live_old_system_strict_parity_gate/20260601T130457Z/scbsly_direct_project_old_rows/项目费用报销单__6da124850a5a499c916b9826c1c9a264.json
[scbsly-row-dump-page] 管理人员工资表 page=1 source=online rows=233 total=233/233
[scbsly-row-dump] PASS 管理人员工资表 233/233 -> /home/lidefend/workspace/sce-backend-odoo/artifacts/migration/live_old_system_strict_parity_gate/20260601T130457Z/scbsly_direct_project_old_rows/管理人员工资表__72400b98282548569c30759e767e72c6.json
[scbsly-row-dump-page] 油卡登记 page=1 source=online rows=8 total=8/8
[scbsly-row-dump] PASS 油卡登记 8/8 -> /home/lidefend/workspace/sce-backend-odoo/artifacts/migration/live_old_system_strict_parity_gate/20260601T130457Z/scbsly_direct_project_old_rows/油卡登记__3c1aee58340b44f7a31bc986d9dbaf51.json
[scbsly-row-dump-page] 充值登记 page=1 source=online rows=32 total=32/32
[scbsly-row-dump] PASS 充值登记 32/32 -> /home/lidefend/workspace/sce-backend-odoo/artifacts/migration/live_old_system_strict_parity_gate/20260601T130457Z/scbsly_direct_project_old_rows/充值登记__63bc86f498964cdc97d8849effdc114d.json
[scbsly-row-dump-page] 加油登记 page=1 source=online rows=250 total=250/500
[scbsly-row-dump-page] 加油登记 page=2 source=online rows=250 total=500/500
[scbsly-row-dump] PASS 加油登记 500/500 -> /home/lidefend/workspace/sce-backend-odoo/artifacts/migration/live_old_system_strict_parity_gate/20260601T130457Z/scbsly_direct_project_old_rows/加油登记__91bad12210e94979bdcaf2eb19eaa3fd.json
[scbsly-row-dump-page] 支付申请 page=1 source=online rows=250 total=250/2595
[scbsly-row-dump-page] 支付申请 page=2 source=online rows=250 total=500/2595
[scbsly-row-dump-page] 支付申请 page=3 source=online rows=250 total=750/2595
[scbsly-row-dump-page] 支付申请 page=4 source=online rows=250 total=1000/2595
[scbsly-row-dump-page] 支付申请 page=5 source=online rows=250 total=1250/2595
[scbsly-row-dump-page] 支付申请 page=6 source=online rows=250 total=1500/2595
[scbsly-row-dump-page] 支付申请 page=7 source=online rows=250 total=1750/2595
[scbsly-row-dump-page] 支付申请 page=8 source=online rows=250 total=2000/2595
[scbsly-row-dump-page] 支付申请 page=9 source=online rows=250 total=2250/2595
[scbsly-row-dump-page] 支付申请 page=10 source=online rows=250 total=2500/2595
[scbsly-row-dump-page] 支付申请 page=11 source=online rows=95 total=2595/2595
[scbsly-row-dump] PASS 支付申请 2595/2595 -> /home/lidefend/workspace/sce-backend-odoo/artifacts/migration/live_old_system_strict_parity_gate/20260601T130457Z/scbsly_direct_project_old_rows/支付申请__8797725d47ab49b2bc532ca3bfc0e410.json
[scbsly-row-dump-page] 工程进度收款 page=1 source=online rows=250 total=250/639
[scbsly-row-dump-page] 工程进度收款 page=2 source=online rows=250 total=500/639
[scbsly-row-dump-page] 工程进度收款 page=3 source=online rows=139 total=639/639
[scbsly-row-dump] PASS 工程进度收款 639/639 -> /home/lidefend/workspace/sce-backend-odoo/artifacts/migration/live_old_system_strict_parity_gate/20260601T130457Z/scbsly_direct_project_old_rows/工程进度收款__e65e4a85bed946968daad69271e91ca2.json
[scbsly-row-dump-page] 往来单位付款 page=1 source=online rows=250 total=250/10359
[scbsly-row-dump-page] 往来单位付款 page=2 source=online rows=250 total=500/10359
[scbsly-row-dump-page] 往来单位付款 page=3 source=online rows=250 total=750/10359
[scbsly-row-dump-page] 往来单位付款 page=4 source=online rows=250 total=1000/10359
[scbsly-row-dump-page] 往来单位付款 page=5 source=online rows=250 total=1250/10359
[scbsly-row-dump-page] 往来单位付款 page=6 source=online rows=250 total=1500/10359
[scbsly-row-dump-page] 往来单位付款 page=7 source=online rows=250 total=1750/10359
[scbsly-row-dump-page] 往来单位付款 page=8 source=online rows=250 total=2000/10359
[scbsly-row-dump-page] 往来单位付款 page=9 source=online rows=250 total=2250/10359
[scbsly-row-dump-page] 往来单位付款 page=10 source=online rows=250 total=2500/10359
[scbsly-row-dump-page] 往来单位付款 page=11 source=online rows=250 total=2750/10359
[scbsly-row-dump-page] 往来单位付款 page=12 source=online rows=250 total=3000/10359
[scbsly-row-dump-page] 往来单位付款 page=13 source=online rows=250 total=3250/10359
[scbsly-row-dump-page] 往来单位付款 page=14 source=online rows=250 total=3500/10359
[scbsly-row-dump-page] 往来单位付款 page=15 source=online rows=250 total=3750/10359
[scbsly-row-dump-page] 往来单位付款 page=16 source=online rows=250 total=4000/10359
[scbsly-row-dump-page] 往来单位付款 page=17 source=online rows=250 total=4250/10359
[scbsly-row-dump-page] 往来单位付款 page=18 source=online rows=250 total=4500/10359
[scbsly-row-dump-page] 往来单位付款 page=19 source=online rows=250 total=4750/10359
[scbsly-row-dump-page] 往来单位付款 page=20 source=online rows=250 total=5000/10359
[scbsly-row-dump-page] 往来单位付款 page=21 source=online rows=250 total=5250/10359
[scbsly-row-dump-page] 往来单位付款 page=22 source=online rows=250 total=5500/10359
[scbsly-row-dump-page] 往来单位付款 page=23 source=online rows=250 total=5750/10359
[scbsly-row-dump-page] 往来单位付款 page=24 source=online rows=250 total=6000/10359
[scbsly-row-dump-page] 往来单位付款 page=25 source=online rows=250 total=6250/10359
[scbsly-row-dump-page] 往来单位付款 page=26 source=online rows=250 total=6500/10359
[scbsly-row-dump-page] 往来单位付款 page=27 source=online rows=250 total=6750/10359
[scbsly-row-dump-page] 往来单位付款 page=28 source=online rows=250 total=7000/10359
[scbsly-row-dump-page] 往来单位付款 page=29 source=online rows=250 total=7250/10359
[scbsly-row-dump-page] 往来单位付款 page=30 source=online rows=250 total=7500/10359
[scbsly-row-dump-page] 往来单位付款 page=31 source=online rows=250 total=7750/10359
[scbsly-row-dump-page] 往来单位付款 page=32 source=online rows=250 total=8000/10359
[scbsly-row-dump-page] 往来单位付款 page=33 source=online rows=250 total=8250/10359
[scbsly-row-dump-page] 往来单位付款 page=34 source=online rows=250 total=8500/10359
[scbsly-row-dump-page] 往来单位付款 page=35 source=online rows=250 total=8750/10359
[scbsly-row-dump-page] 往来单位付款 page=36 source=online rows=250 total=9000/10359
[scbsly-row-dump-page] 往来单位付款 page=37 source=online rows=250 total=9250/10359
[scbsly-row-dump-page] 往来单位付款 page=38 source=online rows=250 total=9500/10359
[scbsly-row-dump-page] 往来单位付款 page=39 source=online rows=250 total=9750/10359
[scbsly-row-dump-page] 往来单位付款 page=40 source=online rows=250 total=10000/10359
[scbsly-row-dump-page] 往来单位付款 page=41 source=online rows=250 total=10250/10359
[scbsly-row-dump-page] 往来单位付款 page=42 source=online rows=109 total=10359/10359
[scbsly-row-dump] PASS 往来单位付款 10359/10359 -> /home/lidefend/workspace/sce-backend-odoo/artifacts/migration/live_old_system_strict_parity_gate/20260601T130457Z/scbsly_direct_project_old_rows/往来单位付款__76a49bc01ef6469380e46555a9096139.json
[scbsly-row-dump-page] 工程结算单 page=1 source=online rows=37 total=37/37
[scbsly-row-dump] PASS 工程结算单 37/37 -> /home/lidefend/workspace/sce-backend-odoo/artifacts/migration/live_old_system_strict_parity_gate/20260601T130457Z/scbsly_direct_project_old_rows/工程结算单__1bfe0dc5765841a98ae311c6d1f2e6e6.json
[scbsly-row-dump-page] 进项上报 page=1 source=online rows=250 total=250/6393
[scbsly-row-dump-page] 进项上报 page=2 source=online rows=250 total=500/6393
[scbsly-row-dump-page] 进项上报 page=3 source=online rows=250 total=750/6393
[scbsly-row-dump-page] 进项上报 page=4 source=online rows=250 total=1000/6393
[scbsly-row-dump-page] 进项上报 page=5 source=online rows=250 total=1250/6393
[scbsly-row-dump-page] 进项上报 page=6 source=online rows=250 total=1500/6393
[scbsly-row-dump-page] 进项上报 page=7 source=online rows=250 total=1750/6393
[scbsly-row-dump-page] 进项上报 page=8 source=online rows=250 total=2000/6393
[scbsly-row-dump-page] 进项上报 page=9 source=online rows=250 total=2250/6393
[scbsly-row-dump-page] 进项上报 page=10 source=online rows=250 total=2500/6393
[scbsly-row-dump-page] 进项上报 page=11 source=online rows=250 total=2750/6393
[scbsly-row-dump-page] 进项上报 page=12 source=online rows=250 total=3000/6393
[scbsly-row-dump-page] 进项上报 page=13 source=online rows=250 total=3250/6393
[scbsly-row-dump-page] 进项上报 page=14 source=online rows=250 total=3500/6393
[scbsly-row-dump-page] 进项上报 page=15 source=online rows=250 total=3750/6393
[scbsly-row-dump-page] 进项上报 page=16 source=online rows=250 total=4000/6393
[scbsly-row-dump-page] 进项上报 page=17 source=online rows=250 total=4250/6393
[scbsly-row-dump-page] 进项上报 page=18 source=online rows=250 total=4500/6393
[scbsly-row-dump-page] 进项上报 page=19 source=online rows=250 total=4750/6393
[scbsly-row-dump-page] 进项上报 page=20 source=online rows=250 total=5000/6393
[scbsly-row-dump-page] 进项上报 page=21 source=online rows=250 total=5250/6393
[scbsly-row-dump-page] 进项上报 page=22 source=online rows=250 total=5500/6393
[scbsly-row-dump-page] 进项上报 page=23 source=online rows=250 total=5750/6393
[scbsly-row-dump-page] 进项上报 page=24 source=online rows=250 total=6000/6393
[scbsly-row-dump-page] 进项上报 page=25 source=online rows=250 total=6250/6393
[scbsly-row-dump-page] 进项上报 page=26 source=online rows=143 total=6393/6393
[scbsly-row-dump] PASS 进项上报 6393/6393 -> /home/lidefend/workspace/sce-backend-odoo/artifacts/migration/live_old_system_strict_parity_gate/20260601T130457Z/scbsly_direct_project_old_rows/进项上报__027f61bad00a4651a45dd27f681731e0.json
[scbsly-row-dump-page] 总包进项上报 page=1 source=online rows=250 total=250/383
[scbsly-row-dump-page] 总包进项上报 page=2 source=online rows=133 total=383/383
[scbsly-row-dump] PASS 总包进项上报 383/383 -> /home/lidefend/workspace/sce-backend-odoo/artifacts/migration/live_old_system_strict_parity_gate/20260601T130457Z/scbsly_direct_project_old_rows/总包进项上报__c68b6f2c3fc8425f9b8a55ba9b4cd1e3.json
[scbsly-row-dump-page] 施工日志（新） page=1 source=online rows=250 total=250/3233
[scbsly-row-dump-page] 施工日志（新） page=2 source=online rows=250 total=500/3233
[scbsly-row-dump-page] 施工日志（新） page=3 source=online rows=250 total=750/3233
[scbsly-row-dump-page] 施工日志（新） page=4 source=online rows=250 total=1000/3233
[scbsly-row-dump-page] 施工日志（新） page=5 source=online rows=250 total=1250/3233
[scbsly-row-dump-page] 施工日志（新） page=6 source=online rows=250 total=1500/3233
[scbsly-row-dump-page] 施工日志（新） page=7 source=online rows=250 total=1750/3233
[scbsly-row-dump-page] 施工日志（新） page=8 source=online rows=250 total=2000/3233
[scbsly-row-dump-page] 施工日志（新） page=9 source=online rows=250 total=2250/3233
[scbsly-row-dump-page] 施工日志（新） page=10 source=online rows=250 total=2500/3233
[scbsly-row-dump-page] 施工日志（新） page=11 source=online rows=250 total=2750/3233
[scbsly-row-dump-page] 施工日志（新） page=12 source=online rows=250 total=3000/3233
[scbsly-row-dump-page] 施工日志（新） page=13 source=online rows=233 total=3233/3233
[scbsly-row-dump] PASS 施工日志（新） 3233/3233 -> /home/lidefend/workspace/sce-backend-odoo/artifacts/migration/live_old_system_strict_parity_gate/20260601T130457Z/scbsly_direct_project_old_rows/施工日志_新__bc520b452542401ea41500561b61c132.json
SCBSLY_DIRECT_PROJECT_OLD_ROW_DUMP=PASS output=/home/lidefend/workspace/sce-backend-odoo/artifacts/migration/scbsly_direct_project_old_row_dump_summary_v1.json
