$ python3 scripts/verify/scbsly_direct_project_strict_visible_acceptance.py
[scbsly-strict] PASS 施工合同 old=182 new=182 old_cols=20 new_cols=20 row=PASS
[scbsly-strict] FAIL 分包合同 old=86 new=86 old_cols=19 new_cols=19 row=FAIL
[scbsly-strict] FAIL 租赁合同 old=221 new=221 old_cols=21 new_cols=21 row=FAIL
[scbsly-strict] FAIL 供货合同 old=849 new=849 old_cols=15 new_cols=15 row=FAIL
[scbsly-strict] FAIL 劳务合同 old=187 new=187 old_cols=20 new_cols=20 row=FAIL
[scbsly-strict] PASS 机械合同（合同） old=221 new=221 old_cols=53 new_cols=53 row=PASS
[scbsly-strict] PASS 材料计划 old=686 new=686 old_cols=14 new_cols=14 row=PASS
[scbsly-strict] PASS 报价单 old=126 new=126 old_cols=19 new_cols=19 row=PASS
[scbsly-strict] PASS 入库 old=13174 new=13174 old_cols=22 new_cols=22 row=PASS
[scbsly-strict] FAIL 材料结算单 old=1215 new=1215 old_cols=17 new_cols=17 row=FAIL
[scbsly-strict] PASS 库存统计表（新） old= new=14 old_cols=0 new_cols=24 row=REPORT_ROUTE
[scbsly-strict] PASS 方单 old=252 new=252 old_cols=13 new_cols=13 row=PASS
[scbsly-strict] FAIL 零星用工 old=8788 new=8786 old_cols=15 new_cols=15 row=FAIL
[scbsly-strict] PASS 劳务结算 old=576 new=576 old_cols=18 new_cols=18 row=PASS
[scbsly-strict] PASS 分包方单 old=721 new=721 old_cols=15 new_cols=15 row=PASS
[scbsly-strict] PASS 分包结算单 old=88 new=88 old_cols=20 new_cols=20 row=PASS
[scbsly-strict] FAIL 机械台班记录 old=17501 new=17501 old_cols=16 new_cols=16 row=FAIL
[scbsly-strict] PASS 机械结算单 old=669 new=669 old_cols=16 new_cols=16 row=PASS
[scbsly-strict] PASS 租入 old=166 new=166 old_cols=15 new_cols=15 row=PASS
[scbsly-strict] PASS 还租 old=37 new=37 old_cols=16 new_cols=16 row=PASS
[scbsly-strict] PASS 租赁结算单 old=669 new=669 old_cols=16 new_cols=16 row=PASS
[scbsly-strict] FAIL 项目费用报销单 old=5804 new=5804 old_cols=17 new_cols=17 row=FAIL
[scbsly-strict] PASS 管理人员工资表 old=233 new=233 old_cols=14 new_cols=14 row=PASS
[scbsly-strict] PASS 油卡登记 old=8 new=8 old_cols=11 new_cols=11 row=PASS
[scbsly-strict] PASS 充值登记 old=32 new=32 old_cols=12 new_cols=12 row=PASS
[scbsly-strict] PASS 加油登记 old=500 new=500 old_cols=13 new_cols=13 row=PASS
[scbsly-strict] FAIL 支付申请 old=2595 new=13595 old_cols=21 new_cols=19 row=COUNT_ONLY
[scbsly-strict] PASS 工程进度收款 old=639 new=639 old_cols=13 new_cols=13 row=PASS
[scbsly-strict] FAIL 往来单位付款 old=10359 new=13690 old_cols=17 new_cols=18 row=COUNT_ONLY
[scbsly-strict] PASS 工程结算单 old=37 new=37 old_cols=18 new_cols=18 row=PASS
[scbsly-strict] FAIL 进项上报 old=6393 new=25089 old_cols=18 new_cols=18 row=COUNT_ONLY
[scbsly-strict] PASS 总包进项上报 old=383 new=383 old_cols=18 new_cols=18 row=PASS
[scbsly-strict] PASS 成本统计表（数据） old= new=840 old_cols=0 new_cols=24 row=REPORT_ROUTE
[scbsly-strict] PASS 施工日志（新） old=3233 new=3233 old_cols=11 new_cols=11 row=PASS
SCBSLY_DIRECT_PROJECT_STRICT_VISIBLE_ACCEPTANCE=FAIL output=/home/lidefend/workspace/sce-backend-odoo/artifacts/migration/scbsly_direct_project_strict_visible_acceptance_v1.json
