$ python3 scripts/verify/scbsly_direct_project_acceptance_menu_probe.py
[scbsly-direct-menu] PASS 施工合同 match=exact route=lowcode_form_list count=182
[scbsly-direct-menu] PASS 分包合同 match=exact route=lowcode_form_list count=86
[scbsly-direct-menu] PASS 租赁合同 match=exact route=lowcode_form_list count=221
[scbsly-direct-menu] PASS 供货合同 match=exact route=lowcode_form_list count=849
[scbsly-direct-menu] PASS 劳务合同 match=exact route=lowcode_form_list count=187
[scbsly-direct-menu] PASS 机械合同（合同） match=exact route=lowcode_form_list count=221
[scbsly-direct-menu] PASS 材料计划 match=exact route=lowcode_form_list count=686
[scbsly-direct-menu] PASS 报价单 match=exact route=lowcode_form_list count=126
[scbsly-direct-menu] PASS 入库 match=exact route=lowcode_form_list count=13174
[scbsly-direct-menu] PASS 材料结算单 match=exact route=lowcode_form_list count=1215
[scbsly-direct-menu] PASS 库存统计表（新） match=exact route=lowcode_report count=
[scbsly-direct-menu] PASS 方单 match=exact route=lowcode_form_list count=252
[scbsly-direct-menu] PASS 零星用工 match=exact route=lowcode_form_list count=8788
[scbsly-direct-menu] PASS 劳务结算 match=exact route=lowcode_form_list count=576
[scbsly-direct-menu] PASS 分包方单 match=exact route=lowcode_form_list count=721
[scbsly-direct-menu] PASS 分包结算单 match=exact route=lowcode_form_list count=88
[scbsly-direct-menu] PASS 机械台班记录 match=exact route=lowcode_form_list count=17501
[scbsly-direct-menu] PASS 机械结算单 match=exact route=lowcode_form_list count=669
[scbsly-direct-menu] PASS 租入 match=exact route=lowcode_form_list count=166
[scbsly-direct-menu] PASS 还租 match=exact route=lowcode_form_list count=37
[scbsly-direct-menu] PASS 租赁结算单 match=exact route=lowcode_form_list count=669
[scbsly-direct-menu] PASS 项目费用报销单 match=exact route=lowcode_form_list count=5804
[scbsly-direct-menu] PASS 管理人员工资表 match=exact route=lowcode_form_list count=233
[scbsly-direct-menu] PASS 油卡登记 match=exact route=lowcode_form_list count=8
[scbsly-direct-menu] PASS 充值登记 match=exact route=lowcode_form_list count=32
[scbsly-direct-menu] PASS 加油登记 match=exact route=lowcode_form_list count=500
[scbsly-direct-menu] PASS 支付申请 match=exact route=lowcode_form_list count=2595
[scbsly-direct-menu] PASS 工程进度收款 match=exact route=lowcode_form_list count=639
[scbsly-direct-menu] PASS 往来单位付款 match=exact route=lowcode_form_list count=10359
[scbsly-direct-menu] PASS 工程结算单 match=exact route=lowcode_form_list count=37
[scbsly-direct-menu] PASS 进项上报 match=exact route=lowcode_form_list count=6393
[scbsly-direct-menu] PASS 总包进项上报 match=exact route=lowcode_form_list count=383
[scbsly-direct-menu] PASS 成本统计表（数据） match=alias route=lowcode_report count=
[scbsly-direct-menu] PASS 施工日志（新） match=exact route=lowcode_form_list count=3233
SCBSLY_DIRECT_PROJECT_ACCEPTANCE_MENU_PROBE=PASS output=/home/lidefend/workspace/sce-backend-odoo/artifacts/migration/scbsly_direct_project_acceptance_menu_probe_v1.json
