$ python3 scripts/verify/scbs_55_old_system_list_count_probe.py
[old-count] seq=001 name=供应商/合作单位 status=PASS count=5167 error=
[old-count] seq=002 name=往来单位 status=PASS count=5861 error=
[old-count] seq=003 name=施工合同 status=PASS count=1561 error=
[old-count] seq=004 name=公司资料存档 status=PASS count=5978 error=
[old-count] seq=005 name=请假/休假审批单 status=PASS count=339 error=
[old-count] seq=006 name=印章使用审批表 status=PASS count=1562 error=
[old-count] seq=008 name=公司人员名册（配置） status=PASS count=39 error=
[old-count] seq=009 name=社保人员登记 status=PASS count=162 error=
[old-count] seq=010 name=社保登记 status=PASS count=2058 error=
[old-count] seq=011 name=工资登记 status=PASS count=3398 error=
[old-count] seq=012 name=补助 status=PASS count=108 error=
[old-count] seq=013 name=奖金 status=PASS count=0 error=
[old-count] seq=015 name=借阅申请 status=PASS count=1 error=
[old-count] seq=016 name=投标报名管理 status=PASS count=2890 error=
[old-count] seq=017 name=投标报名费申请 status=PASS count=127 error=
[old-count] seq=018 name=自筹保证金 status=PASS count=1584 error=
[old-count] seq=019 name=自筹保证金退回 status=PASS count=823 error=
[old-count] seq=020 name=付款还保证金 status=PASS count=2945 error=
[old-count] seq=021 name=付款还保证金退回 status=PASS count=1909 error=
[old-count] seq=022 name=借款申请 status=PASS count=37 error=
[old-count] seq=023 name=还款登记 status=PASS count=25 error=
[old-count] seq=024 name=报销申请 status=PASS count=3573 error=
[old-count] seq=025 name=收入 status=PASS count=4765 error=
[old-count] seq=026 name=公司财务支出 status=PASS count=2729 error=
[old-count] seq=027 name=承包人还项目款 status=PASS count=157 error=
[old-count] seq=028 name=承包人借项目款 status=PASS count=166 error=
[old-count] seq=029 name=支付申请 status=PASS count=13597 error=
[old-count] seq=030 name=扣款单 status=PASS count=136 error=
[old-count] seq=031 name=往来单位付款 status=PASS count=13694 error=
[old-count] seq=032 name=账户间资金往来 status=PASS count=479 error=
[old-count] seq=033 name=扣款实缴登记 status=PASS count=13264 error=
[old-count] seq=034 name=扣款实缴退回 status=PASS count=1804 error=
[old-count] seq=035 name=到款确认表 status=PASS count=2610 error=
[old-count] seq=036 name=资金日报表 status=PASS count=7879 error=
[old-count] seq=037 name=项目借公司款登记 status=PASS count=164 error=
[old-count] seq=038 name=项目还公司款登记 status=PASS count=155 error=
[old-count] seq=039 name=开票申请 status=PASS count=221 error=
[old-count] seq=040 name=开票登记 status=PASS count=4605 error=
[old-count] seq=041 name=预缴税款 status=PASS count=5505 error=
[old-count] seq=042 name=进项上报 status=PASS count=23381 error=
[old-count] seq=043 name=抵扣登记 status=PASS count=5047 error=
[old-count] seq=044 name=外经证登记 status=PASS count=298 error=
SCBS55_OLD_LIST_COUNT=PASS output=/home/lidefend/workspace/sce-backend-odoo/artifacts/migration/scbs_55_old_system_list_count_probe_result_v1.json
