$ python3 scripts/verify/scbs_55_old_system_list_full_row_dump.py
[old-full-dump] seq=001 page=1 got=1000 total=1000 expected=5167
[old-full-dump] seq=001 page=2 got=1000 total=2000 expected=5167
[old-full-dump] seq=001 page=3 got=1000 total=3000 expected=5167
[old-full-dump] seq=001 page=4 got=1000 total=4000 expected=5167
[old-full-dump] seq=001 page=5 got=1000 total=5000 expected=5167
[old-full-dump] seq=001 page=6 got=167 total=5167 expected=5167
[old-full-dump] seq=001 name=供应商/合作单位 status=PASS count=5167 path=/home/lidefend/workspace/sce-backend-odoo/artifacts/migration/live_old_system_strict_parity_gate/20260601T130457Z/scbs55_old_live_rows/scbs_55_old_live_full_rows_seq001_business_entity.json.gz error=
[old-full-dump] seq=002 page=1 got=1000 total=1000 expected=5861
[old-full-dump] seq=002 page=2 got=1000 total=2000 expected=5861
[old-full-dump] seq=002 page=3 got=1000 total=3000 expected=5861
[old-full-dump] seq=002 page=4 got=1000 total=4000 expected=5861
[old-full-dump] seq=002 page=5 got=1000 total=5000 expected=5861
[old-full-dump] seq=002 page=6 got=861 total=5861 expected=5861
[old-full-dump] seq=002 name=往来单位 status=PASS count=5861 path=/home/lidefend/workspace/sce-backend-odoo/artifacts/migration/live_old_system_strict_parity_gate/20260601T130457Z/scbs55_old_live_rows/scbs_55_old_live_full_rows_seq002_business_entity.json.gz error=
[old-full-dump] seq=003 page=1 got=1000 total=1000 expected=1561
[old-full-dump] seq=003 page=2 got=561 total=1561 expected=1561
[old-full-dump] seq=003 name=施工合同 status=PASS count=1561 path=/home/lidefend/workspace/sce-backend-odoo/artifacts/migration/live_old_system_strict_parity_gate/20260601T130457Z/scbs55_old_live_rows/scbs_55_old_live_full_rows_seq003_施工合同.json.gz error=
[old-full-dump] seq=004 page=1 got=1000 total=1000 expected=5978
[old-full-dump] seq=004 page=2 got=1000 total=2000 expected=5978
[old-full-dump] seq=004 page=3 got=1000 total=3000 expected=5978
[old-full-dump] seq=004 page=4 got=1000 total=4000 expected=5978
[old-full-dump] seq=004 page=5 got=1000 total=5000 expected=5978
[old-full-dump] seq=004 page=6 got=978 total=5978 expected=5978
[old-full-dump] seq=004 name=公司资料存档 status=PASS count=5978 path=/home/lidefend/workspace/sce-backend-odoo/artifacts/migration/live_old_system_strict_parity_gate/20260601T130457Z/scbs55_old_live_rows/scbs_55_old_live_full_rows_seq004_公司资料存档.json.gz error=
[old-full-dump] seq=005 page=1 got=339 total=339 expected=339
[old-full-dump] seq=005 name=请假/休假审批单 status=PASS count=339 path=/home/lidefend/workspace/sce-backend-odoo/artifacts/migration/live_old_system_strict_parity_gate/20260601T130457Z/scbs55_old_live_rows/scbs_55_old_live_full_rows_seq005_请假_休假审批单.json.gz error=
[old-full-dump] seq=006 page=1 got=1000 total=1000 expected=1562
[old-full-dump] seq=006 page=2 got=562 total=1562 expected=1562
[old-full-dump] seq=006 name=印章使用审批表 status=PASS count=1562 path=/home/lidefend/workspace/sce-backend-odoo/artifacts/migration/live_old_system_strict_parity_gate/20260601T130457Z/scbs55_old_live_rows/scbs_55_old_live_full_rows_seq006_印章使用审批表.json.gz error=
[old-full-dump] seq=008 page=1 got=39 total=39 expected=39
[old-full-dump] seq=008 name=公司人员名册（配置） status=PASS count=39 path=/home/lidefend/workspace/sce-backend-odoo/artifacts/migration/live_old_system_strict_parity_gate/20260601T130457Z/scbs55_old_live_rows/scbs_55_old_live_full_rows_seq008_公司人员名册（配置）.json.gz error=
[old-full-dump] seq=009 page=1 got=162 total=162 expected=162
[old-full-dump] seq=009 name=社保人员登记 status=PASS count=162 path=/home/lidefend/workspace/sce-backend-odoo/artifacts/migration/live_old_system_strict_parity_gate/20260601T130457Z/scbs55_old_live_rows/scbs_55_old_live_full_rows_seq009_社保人员登记.json.gz error=
[old-full-dump] seq=010 page=1 got=1000 total=1000 expected=2058
[old-full-dump] seq=010 page=2 got=1000 total=2000 expected=2058
[old-full-dump] seq=010 page=3 got=58 total=2058 expected=2058
[old-full-dump] seq=010 name=社保登记 status=PASS count=2058 path=/home/lidefend/workspace/sce-backend-odoo/artifacts/migration/live_old_system_strict_parity_gate/20260601T130457Z/scbs55_old_live_rows/scbs_55_old_live_full_rows_seq010_社保登记.json.gz error=
[old-full-dump] seq=011 page=1 got=1000 total=1000 expected=3398
[old-full-dump] seq=011 page=2 got=1000 total=2000 expected=3398
[old-full-dump] seq=011 page=3 got=1000 total=3000 expected=3398
[old-full-dump] seq=011 page=4 got=398 total=3398 expected=3398
[old-full-dump] seq=011 name=工资登记 status=PASS count=3398 path=/home/lidefend/workspace/sce-backend-odoo/artifacts/migration/live_old_system_strict_parity_gate/20260601T130457Z/scbs55_old_live_rows/scbs_55_old_live_full_rows_seq011_工资登记.json.gz error=
[old-full-dump] seq=012 page=1 got=108 total=108 expected=108
[old-full-dump] seq=012 name=补助 status=PASS count=108 path=/home/lidefend/workspace/sce-backend-odoo/artifacts/migration/live_old_system_strict_parity_gate/20260601T130457Z/scbs55_old_live_rows/scbs_55_old_live_full_rows_seq012_补助.json.gz error=
[old-full-dump] seq=013 page=1 got=0 total=0 expected=0
[old-full-dump] seq=013 name=奖金 status=PASS count=0 path=/home/lidefend/workspace/sce-backend-odoo/artifacts/migration/live_old_system_strict_parity_gate/20260601T130457Z/scbs55_old_live_rows/scbs_55_old_live_full_rows_seq013_奖金.json.gz error=
[old-full-dump] seq=015 page=1 got=1 total=1 expected=1
[old-full-dump] seq=015 name=借阅申请 status=PASS count=1 path=/home/lidefend/workspace/sce-backend-odoo/artifacts/migration/live_old_system_strict_parity_gate/20260601T130457Z/scbs55_old_live_rows/scbs_55_old_live_full_rows_seq015_借阅申请.json.gz error=
[old-full-dump] seq=016 page=1 got=1000 total=1000 expected=2890
[old-full-dump] seq=016 page=2 got=1000 total=2000 expected=2890
[old-full-dump] seq=016 page=3 got=890 total=2890 expected=2890
[old-full-dump] seq=016 name=投标报名管理 status=PASS count=2890 path=/home/lidefend/workspace/sce-backend-odoo/artifacts/migration/live_old_system_strict_parity_gate/20260601T130457Z/scbs55_old_live_rows/scbs_55_old_live_full_rows_seq016_投标报名管理.json.gz error=
[old-full-dump] seq=017 page=1 got=127 total=127 expected=127
[old-full-dump] seq=017 name=投标报名费申请 status=PASS count=127 path=/home/lidefend/workspace/sce-backend-odoo/artifacts/migration/live_old_system_strict_parity_gate/20260601T130457Z/scbs55_old_live_rows/scbs_55_old_live_full_rows_seq017_投标报名费申请.json.gz error=
[old-full-dump] seq=018 page=1 got=1000 total=1000 expected=1584
[old-full-dump] seq=018 page=2 got=584 total=1584 expected=1584
[old-full-dump] seq=018 name=自筹保证金 status=PASS count=1584 path=/home/lidefend/workspace/sce-backend-odoo/artifacts/migration/live_old_system_strict_parity_gate/20260601T130457Z/scbs55_old_live_rows/scbs_55_old_live_full_rows_seq018_自筹保证金.json.gz error=
[old-full-dump] seq=019 page=1 got=823 total=823 expected=823
[old-full-dump] seq=019 name=自筹保证金退回 status=PASS count=823 path=/home/lidefend/workspace/sce-backend-odoo/artifacts/migration/live_old_system_strict_parity_gate/20260601T130457Z/scbs55_old_live_rows/scbs_55_old_live_full_rows_seq019_自筹保证金退回.json.gz error=
[old-full-dump] seq=020 page=1 got=1000 total=1000 expected=2945
[old-full-dump] seq=020 page=2 got=1000 total=2000 expected=2945
[old-full-dump] seq=020 page=3 got=945 total=2945 expected=2945
[old-full-dump] seq=020 name=付款还保证金 status=PASS count=2945 path=/home/lidefend/workspace/sce-backend-odoo/artifacts/migration/live_old_system_strict_parity_gate/20260601T130457Z/scbs55_old_live_rows/scbs_55_old_live_full_rows_seq020_付款还保证金.json.gz error=
[old-full-dump] seq=021 page=1 got=1000 total=1000 expected=1909
[old-full-dump] seq=021 page=2 got=909 total=1909 expected=1909
[old-full-dump] seq=021 name=付款还保证金退回 status=PASS count=1909 path=/home/lidefend/workspace/sce-backend-odoo/artifacts/migration/live_old_system_strict_parity_gate/20260601T130457Z/scbs55_old_live_rows/scbs_55_old_live_full_rows_seq021_付款还保证金退回.json.gz error=
[old-full-dump] seq=022 page=1 got=37 total=37 expected=37
[old-full-dump] seq=022 name=借款申请 status=PASS count=37 path=/home/lidefend/workspace/sce-backend-odoo/artifacts/migration/live_old_system_strict_parity_gate/20260601T130457Z/scbs55_old_live_rows/scbs_55_old_live_full_rows_seq022_借款申请.json.gz error=
[old-full-dump] seq=023 page=1 got=25 total=25 expected=25
[old-full-dump] seq=023 name=还款登记 status=PASS count=25 path=/home/lidefend/workspace/sce-backend-odoo/artifacts/migration/live_old_system_strict_parity_gate/20260601T130457Z/scbs55_old_live_rows/scbs_55_old_live_full_rows_seq023_还款登记.json.gz error=
[old-full-dump] seq=024 page=1 got=1000 total=1000 expected=3573
[old-full-dump] seq=024 page=2 got=1000 total=2000 expected=3573
[old-full-dump] seq=024 page=3 got=1000 total=3000 expected=3573
[old-full-dump] seq=024 page=4 got=573 total=3573 expected=3573
[old-full-dump] seq=024 name=报销申请 status=PASS count=3573 path=/home/lidefend/workspace/sce-backend-odoo/artifacts/migration/live_old_system_strict_parity_gate/20260601T130457Z/scbs55_old_live_rows/scbs_55_old_live_full_rows_seq024_报销申请.json.gz error=
[old-full-dump] seq=025 page=1 got=1000 total=1000 expected=4765
[old-full-dump] seq=025 page=2 got=1000 total=2000 expected=4765
[old-full-dump] seq=025 page=3 got=1000 total=3000 expected=4765
[old-full-dump] seq=025 page=4 got=1000 total=4000 expected=4765
[old-full-dump] seq=025 page=5 got=765 total=4765 expected=4765
[old-full-dump] seq=025 name=收入 status=PASS count=4765 path=/home/lidefend/workspace/sce-backend-odoo/artifacts/migration/live_old_system_strict_parity_gate/20260601T130457Z/scbs55_old_live_rows/scbs_55_old_live_full_rows_seq025_收入.json.gz error=
[old-full-dump] seq=026 page=1 got=1000 total=1000 expected=2729
[old-full-dump] seq=026 page=2 got=1000 total=2000 expected=2729
[old-full-dump] seq=026 page=3 got=729 total=2729 expected=2729
[old-full-dump] seq=026 name=公司财务支出 status=PASS count=2729 path=/home/lidefend/workspace/sce-backend-odoo/artifacts/migration/live_old_system_strict_parity_gate/20260601T130457Z/scbs55_old_live_rows/scbs_55_old_live_full_rows_seq026_公司财务支出.json.gz error=
[old-full-dump] seq=027 page=1 got=157 total=157 expected=157
[old-full-dump] seq=027 name=承包人还项目款 status=PASS count=157 path=/home/lidefend/workspace/sce-backend-odoo/artifacts/migration/live_old_system_strict_parity_gate/20260601T130457Z/scbs55_old_live_rows/scbs_55_old_live_full_rows_seq027_承包人还项目款.json.gz error=
[old-full-dump] seq=028 page=1 got=166 total=166 expected=166
[old-full-dump] seq=028 name=承包人借项目款 status=PASS count=166 path=/home/lidefend/workspace/sce-backend-odoo/artifacts/migration/live_old_system_strict_parity_gate/20260601T130457Z/scbs55_old_live_rows/scbs_55_old_live_full_rows_seq028_承包人借项目款.json.gz error=
[old-full-dump] seq=029 page=1 got=1000 total=1000 expected=13597
[old-full-dump] seq=029 page=2 got=1000 total=2000 expected=13597
[old-full-dump] seq=029 page=3 got=1000 total=3000 expected=13597
[old-full-dump] seq=029 page=4 got=1000 total=4000 expected=13597
[old-full-dump] seq=029 page=5 got=1000 total=5000 expected=13597
[old-full-dump] seq=029 page=6 got=1000 total=6000 expected=13597
[old-full-dump] seq=029 page=7 got=1000 total=7000 expected=13597
[old-full-dump] seq=029 page=8 got=1000 total=8000 expected=13597
[old-full-dump] seq=029 page=9 got=1000 total=9000 expected=13597
[old-full-dump] seq=029 page=10 got=1000 total=10000 expected=13597
[old-full-dump] seq=029 page=11 got=1000 total=11000 expected=13597
[old-full-dump] seq=029 page=12 got=1000 total=12000 expected=13597
[old-full-dump] seq=029 page=13 got=1000 total=13000 expected=13597
[old-full-dump] seq=029 page=14 got=597 total=13597 expected=13597
[old-full-dump] seq=029 name=支付申请 status=PASS count=13597 path=/home/lidefend/workspace/sce-backend-odoo/artifacts/migration/live_old_system_strict_parity_gate/20260601T130457Z/scbs55_old_live_rows/scbs_55_old_live_full_rows_seq029_支付申请.json.gz error=
[old-full-dump] seq=030 page=1 got=136 total=136 expected=136
[old-full-dump] seq=030 name=扣款单 status=PASS count=136 path=/home/lidefend/workspace/sce-backend-odoo/artifacts/migration/live_old_system_strict_parity_gate/20260601T130457Z/scbs55_old_live_rows/scbs_55_old_live_full_rows_seq030_扣款单.json.gz error=
[old-full-dump] seq=031 page=1 got=1000 total=1000 expected=13694
[old-full-dump] seq=031 page=2 got=1000 total=2000 expected=13694
[old-full-dump] seq=031 page=3 got=1000 total=3000 expected=13694
[old-full-dump] seq=031 page=4 got=1000 total=4000 expected=13694
[old-full-dump] seq=031 page=5 got=1000 total=5000 expected=13694
[old-full-dump] seq=031 page=6 got=1000 total=6000 expected=13694
[old-full-dump] seq=031 page=7 got=1000 total=7000 expected=13694
[old-full-dump] seq=031 page=8 got=1000 total=8000 expected=13694
[old-full-dump] seq=031 page=9 got=1000 total=9000 expected=13694
[old-full-dump] seq=031 page=10 got=1000 total=10000 expected=13694
[old-full-dump] seq=031 page=11 got=1000 total=11000 expected=13694
[old-full-dump] seq=031 page=12 got=1000 total=12000 expected=13694
[old-full-dump] seq=031 page=13 got=1000 total=13000 expected=13694
[old-full-dump] seq=031 page=14 got=694 total=13694 expected=13694
[old-full-dump] seq=031 name=往来单位付款 status=PASS count=13694 path=/home/lidefend/workspace/sce-backend-odoo/artifacts/migration/live_old_system_strict_parity_gate/20260601T130457Z/scbs55_old_live_rows/scbs_55_old_live_full_rows_seq031_往来单位付款.json.gz error=
[old-full-dump] seq=032 page=1 got=479 total=479 expected=479
[old-full-dump] seq=032 name=账户间资金往来 status=PASS count=479 path=/home/lidefend/workspace/sce-backend-odoo/artifacts/migration/live_old_system_strict_parity_gate/20260601T130457Z/scbs55_old_live_rows/scbs_55_old_live_full_rows_seq032_账户间资金往来.json.gz error=
[old-full-dump] seq=033 page=1 got=1000 total=1000 expected=13264
[old-full-dump] seq=033 page=2 got=1000 total=2000 expected=13264
[old-full-dump] seq=033 page=3 got=1000 total=3000 expected=13264
[old-full-dump] seq=033 page=4 got=1000 total=4000 expected=13264
[old-full-dump] seq=033 page=5 got=1000 total=5000 expected=13264
[old-full-dump] seq=033 page=6 got=1000 total=6000 expected=13264
[old-full-dump] seq=033 page=7 got=1000 total=7000 expected=13264
[old-full-dump] seq=033 page=8 got=1000 total=8000 expected=13264
[old-full-dump] seq=033 page=9 got=1000 total=9000 expected=13264
[old-full-dump] seq=033 page=10 got=1000 total=10000 expected=13264
[old-full-dump] seq=033 page=11 got=1000 total=11000 expected=13264
[old-full-dump] seq=033 page=12 got=1000 total=12000 expected=13264
[old-full-dump] seq=033 page=13 got=1000 total=13000 expected=13264
[old-full-dump] seq=033 page=14 got=264 total=13264 expected=13264
[old-full-dump] seq=033 name=扣款实缴登记 status=PASS count=13264 path=/home/lidefend/workspace/sce-backend-odoo/artifacts/migration/live_old_system_strict_parity_gate/20260601T130457Z/scbs55_old_live_rows/scbs_55_old_live_full_rows_seq033_扣款实缴登记.json.gz error=
[old-full-dump] seq=034 page=1 got=1000 total=1000 expected=1804
[old-full-dump] seq=034 page=2 got=804 total=1804 expected=1804
[old-full-dump] seq=034 name=扣款实缴退回 status=PASS count=1804 path=/home/lidefend/workspace/sce-backend-odoo/artifacts/migration/live_old_system_strict_parity_gate/20260601T130457Z/scbs55_old_live_rows/scbs_55_old_live_full_rows_seq034_扣款实缴退回.json.gz error=
[old-full-dump] seq=035 page=1 got=1000 total=1000 expected=2610
[old-full-dump] seq=035 page=2 got=1000 total=2000 expected=2610
[old-full-dump] seq=035 page=3 got=610 total=2610 expected=2610
[old-full-dump] seq=035 name=到款确认表 status=PASS count=2610 path=/home/lidefend/workspace/sce-backend-odoo/artifacts/migration/live_old_system_strict_parity_gate/20260601T130457Z/scbs55_old_live_rows/scbs_55_old_live_full_rows_seq035_到款确认表.json.gz error=
[old-full-dump] seq=036 page=1 got=1000 total=1000 expected=7879
[old-full-dump] seq=036 page=2 got=1000 total=2000 expected=7879
[old-full-dump] seq=036 page=3 got=1000 total=3000 expected=7879
[old-full-dump] seq=036 page=4 got=1000 total=4000 expected=7879
[old-full-dump] seq=036 page=5 got=1000 total=5000 expected=7879
[old-full-dump] seq=036 page=6 got=1000 total=6000 expected=7879
[old-full-dump] seq=036 page=7 got=1000 total=7000 expected=7879
[old-full-dump] seq=036 page=8 got=879 total=7879 expected=7879
[old-full-dump] seq=036 name=资金日报表 status=PASS count=7879 path=/home/lidefend/workspace/sce-backend-odoo/artifacts/migration/live_old_system_strict_parity_gate/20260601T130457Z/scbs55_old_live_rows/scbs_55_old_live_full_rows_seq036_资金日报表.json.gz error=
[old-full-dump] seq=037 page=1 got=164 total=164 expected=164
[old-full-dump] seq=037 name=项目借公司款登记 status=PASS count=164 path=/home/lidefend/workspace/sce-backend-odoo/artifacts/migration/live_old_system_strict_parity_gate/20260601T130457Z/scbs55_old_live_rows/scbs_55_old_live_full_rows_seq037_项目借公司款登记.json.gz error=
[old-full-dump] seq=038 page=1 got=155 total=155 expected=155
[old-full-dump] seq=038 name=项目还公司款登记 status=PASS count=155 path=/home/lidefend/workspace/sce-backend-odoo/artifacts/migration/live_old_system_strict_parity_gate/20260601T130457Z/scbs55_old_live_rows/scbs_55_old_live_full_rows_seq038_项目还公司款登记.json.gz error=
[old-full-dump] seq=039 page=1 got=221 total=221 expected=221
[old-full-dump] seq=039 name=开票申请 status=PASS count=221 path=/home/lidefend/workspace/sce-backend-odoo/artifacts/migration/live_old_system_strict_parity_gate/20260601T130457Z/scbs55_old_live_rows/scbs_55_old_live_full_rows_seq039_开票申请.json.gz error=
[old-full-dump] seq=040 page=1 got=1000 total=1000 expected=4605
[old-full-dump] seq=040 page=2 got=1000 total=2000 expected=4605
[old-full-dump] seq=040 page=3 got=1000 total=3000 expected=4605
[old-full-dump] seq=040 page=4 got=1000 total=4000 expected=4605
[old-full-dump] seq=040 page=5 got=605 total=4605 expected=4605
[old-full-dump] seq=040 name=开票登记 status=PASS count=4605 path=/home/lidefend/workspace/sce-backend-odoo/artifacts/migration/live_old_system_strict_parity_gate/20260601T130457Z/scbs55_old_live_rows/scbs_55_old_live_full_rows_seq040_开票登记.json.gz error=
[old-full-dump] seq=041 page=1 got=1000 total=1000 expected=5505
[old-full-dump] seq=041 page=2 got=1000 total=2000 expected=5505
[old-full-dump] seq=041 page=3 got=1000 total=3000 expected=5505
[old-full-dump] seq=041 page=4 got=1000 total=4000 expected=5505
[old-full-dump] seq=041 page=5 got=1000 total=5000 expected=5505
[old-full-dump] seq=041 page=6 got=505 total=5505 expected=5505
[old-full-dump] seq=041 name=预缴税款 status=PASS count=5505 path=/home/lidefend/workspace/sce-backend-odoo/artifacts/migration/live_old_system_strict_parity_gate/20260601T130457Z/scbs55_old_live_rows/scbs_55_old_live_full_rows_seq041_预缴税款.json.gz error=
[old-full-dump] seq=042 page=1 got=1000 total=1000 expected=23381
[old-full-dump] seq=042 page=2 got=1000 total=2000 expected=23381
[old-full-dump] seq=042 page=3 got=1000 total=3000 expected=23381
[old-full-dump] seq=042 page=4 got=1000 total=4000 expected=23381
[old-full-dump] seq=042 page=5 got=1000 total=5000 expected=23381
[old-full-dump] seq=042 page=6 got=1000 total=6000 expected=23381
[old-full-dump] seq=042 page=7 got=1000 total=7000 expected=23381
[old-full-dump] seq=042 page=8 got=1000 total=8000 expected=23381
[old-full-dump] seq=042 page=9 got=1000 total=9000 expected=23381
[old-full-dump] seq=042 page=10 got=1000 total=10000 expected=23381
[old-full-dump] seq=042 page=11 got=1000 total=11000 expected=23381
[old-full-dump] seq=042 page=12 got=1000 total=12000 expected=23381
[old-full-dump] seq=042 page=13 got=1000 total=13000 expected=23381
[old-full-dump] seq=042 name=进项上报 status=FAIL count=0 path= error=HTTPSConnectionPool(host='www.builderp.cn', port=443): Read timed out. (read timeout=120)
[old-full-dump] seq=043 page=1 got=1000 total=1000 expected=5047
[old-full-dump] seq=043 page=2 got=1000 total=2000 expected=5047
[old-full-dump] seq=043 page=3 got=1000 total=3000 expected=5047
[old-full-dump] seq=043 page=4 got=1000 total=4000 expected=5047
[old-full-dump] seq=043 page=5 got=1000 total=5000 expected=5047
[old-full-dump] seq=043 page=6 got=47 total=5047 expected=5047
[old-full-dump] seq=043 name=抵扣登记 status=PASS count=5047 path=/home/lidefend/workspace/sce-backend-odoo/artifacts/migration/live_old_system_strict_parity_gate/20260601T130457Z/scbs55_old_live_rows/scbs_55_old_live_full_rows_seq043_抵扣登记.json.gz error=
[old-full-dump] seq=044 page=1 got=298 total=298 expected=298
[old-full-dump] seq=044 name=外经证登记 status=PASS count=298 path=/home/lidefend/workspace/sce-backend-odoo/artifacts/migration/live_old_system_strict_parity_gate/20260601T130457Z/scbs55_old_live_rows/scbs_55_old_live_full_rows_seq044_外经证登记.json.gz error=
