$ node scripts/verify/scbsly_direct_project_new_system_alignment_probe.js
[scbsly-new-align] PASS 施工合同 menu=655 action=909 old=182 new=182 fields=20
[scbsly-new-align] PASS 分包合同 menu=744 action=910 old=86 new=86 fields=19
[scbsly-new-align] PASS 租赁合同 menu=745 action=911 old=221 new=221 fields=21
[scbsly-new-align] PASS 供货合同 menu=746 action=912 old=849 new=849 fields=15
[scbsly-new-align] PASS 劳务合同 menu=747 action=913 old=187 new=187 fields=20
[scbsly-new-align] PASS 机械合同（合同） menu=748 action=914 old=221 new=221 fields=53
[scbsly-new-align] PASS 材料计划 menu=749 action=915 old=686 new=686 fields=14
[scbsly-new-align] PASS 报价单 menu=750 action=916 old=126 new=126 fields=19
[scbsly-new-align] PASS 入库 menu=751 action=917 old=13174 new=13174 fields=22
[scbsly-new-align] PASS 材料结算单 menu=752 action=918 old=1215 new=1215 fields=17
[scbsly-new-align] PASS 库存统计表（新） menu=715 action=686 old=- new=14 fields=24
[scbsly-new-align] PASS 方单 menu=754 action=919 old=252 new=252 fields=13
[scbsly-new-align] FAIL 零星用工 menu=755 action=920 old=8788 new=8786 fields=15
[scbsly-new-align] PASS 劳务结算 menu=756 action=921 old=576 new=576 fields=18
[scbsly-new-align] PASS 分包方单 menu=757 action=922 old=721 new=721 fields=15
[scbsly-new-align] PASS 分包结算单 menu=758 action=923 old=88 new=88 fields=20
[scbsly-new-align] PASS 机械台班记录 menu=759 action=924 old=17501 new=17501 fields=16
[scbsly-new-align] PASS 机械结算单 menu=760 action=925 old=669 new=669 fields=16
[scbsly-new-align] PASS 租入 menu=761 action=935 old=166 new=166 fields=15
[scbsly-new-align] PASS 还租 menu=762 action=936 old=37 new=37 fields=16
[scbsly-new-align] PASS 租赁结算单 menu=763 action=926 old=669 new=669 fields=16
[scbsly-new-align] PASS 项目费用报销单 menu=764 action=927 old=5804 new=5804 fields=17
[scbsly-new-align] PASS 管理人员工资表 menu=765 action=928 old=233 new=233 fields=14
[scbsly-new-align] PASS 油卡登记 menu=766 action=937 old=8 new=8 fields=11
[scbsly-new-align] PASS 充值登记 menu=767 action=938 old=32 new=32 fields=12
[scbsly-new-align] PASS 加油登记 menu=768 action=939 old=500 new=500 fields=13
[scbsly-new-align] FAIL 支付申请 menu=692 action=879 old=2595 new=13595 fields=19
[scbsly-new-align] PASS 工程进度收款 menu=770 action=940 old=639 new=639 fields=13
[scbsly-new-align] FAIL 往来单位付款 menu=695 action=881 old=10359 new=13690 fields=18
[scbsly-new-align] PASS 工程结算单 menu=772 action=931 old=37 new=37 fields=18
[scbsly-new-align] FAIL 进项上报 menu=710 action=892 old=6393 new=25089 fields=18
[scbsly-new-align] PASS 总包进项上报 menu=774 action=933 old=383 new=383 fields=18
[scbsly-new-align] PASS 成本统计表（数据） menu=717 action=687 old=- new=840 fields=24
[scbsly-new-align] PASS 施工日志（新） menu=776 action=934 old=3233 new=3233 fields=11
SCBSLY_DIRECT_PROJECT_NEW_SYSTEM_ALIGNMENT=FAIL output=/home/lidefend/workspace/sce-backend-odoo/artifacts/migration/scbsly_direct_project_new_system_alignment_probe_v1.json
